<?xml version="1.0" encoding="UTF-8"?>
<robot generator="Robot 3.2.1 (Python 3.8.5 on win32)" generated="20200813 19:39:23.520" rpa="false">
<suite id="s1" name="Receber-Pedidos" source="c:\robot\ninjachef\web\testes\receber-pedidos.robot">
<test id="s1-t1" name="Receber Novo Pedido">
<kw name="Open Session" library="base" type="setup">
<kw name="Open Browser" library="SeleniumLibrary">
<doc>Opens a new browser instance to the optional ``url``.</doc>
<arguments>
<arg>about:blank</arg>
<arg>chrome</arg>
</arguments>
<msg timestamp="20200813 19:39:27.100" level="INFO">Opening browser 'chrome' to base url 'about:blank'.</msg>
<status status="PASS" starttime="20200813 19:39:27.100" endtime="20200813 19:39:30.823"></status>
</kw>
<status status="PASS" starttime="20200813 19:39:27.099" endtime="20200813 19:39:30.824"></status>
</kw>
<kw name="Dado que &quot;cozinheiro@gmail.com&quot; é a minha conta de cozinheiro">
<kw name="Set Test Variable" library="BuiltIn">
<doc>Makes a variable available everywhere within the scope of the current test.</doc>
<arguments>
<arg>${email_cozinheiro}</arg>
</arguments>
<msg timestamp="20200813 19:39:30.826" level="INFO">${email_cozinheiro} = cozinheiro@gmail.com</msg>
<status status="PASS" starttime="20200813 19:39:30.825" endtime="20200813 19:39:30.826"></status>
</kw>
<kw name="Create Dictionary" library="BuiltIn">
<doc>Creates and returns a dictionary based on the given ``items``.</doc>
<arguments>
<arg>Content-Type=application/json</arg>
</arguments>
<assign>
<var>&amp;{headers}</var>
</assign>
<msg timestamp="20200813 19:39:30.826" level="INFO">&amp;{headers} = { Content-Type=application/json }</msg>
<status status="PASS" starttime="20200813 19:39:30.826" endtime="20200813 19:39:30.826"></status>
</kw>
<kw name="Create Dictionary" library="BuiltIn">
<doc>Creates and returns a dictionary based on the given ``items``.</doc>
<arguments>
<arg>email=${email_cozinheiro}</arg>
</arguments>
<assign>
<var>&amp;{payload}</var>
</assign>
<msg timestamp="20200813 19:39:30.830" level="INFO">&amp;{payload} = { email=cozinheiro@gmail.com }</msg>
<status status="PASS" starttime="20200813 19:39:30.826" endtime="20200813 19:39:30.830"></status>
</kw>
<kw name="Create Session" library="RequestsLibrary">
<doc>Create Session: create a HTTP session to a server</doc>
<arguments>
<arg>api</arg>
<arg>http://ninjachef-api-qaninja-io.umbler.net</arg>
</arguments>
<msg timestamp="20200813 19:39:30.831" level="INFO">Creating Session using : alias=api, url=http://ninjachef-api-qaninja-io.umbler.net, headers={},                     cookies={}, auth=None, timeout=None, proxies=None, verify=False,                     debug=0 </msg>
<status status="PASS" starttime="20200813 19:39:30.831" endtime="20200813 19:39:30.832"></status>
</kw>
<kw name="Post Request" library="RequestsLibrary">
<doc>Send a POST request on the session object found using the
given `alias`</doc>
<arguments>
<arg>api</arg>
<arg>/sessions</arg>
<arg>data=${payload}</arg>
<arg>headers=${headers}</arg>
</arguments>
<assign>
<var>${resp}</var>
</assign>
<msg timestamp="20200813 19:39:31.365" level="INFO">POST Request : url=http://ninjachef-api-qaninja-io.umbler.net/sessions 
 path_url=/sessions 
 headers={'User-Agent': 'python-requests/2.24.0', 'Accept-Encoding': 'gzip, deflate', 'Accept': '*/*', 'Connection': 'keep-alive', 'Content-Type': 'application/json', 'Content-Length': '33'} 
 body={"email": "cozinheiro@gmail.com"} 
 </msg>
<msg timestamp="20200813 19:39:31.365" level="INFO">POST Response : url=http://ninjachef-api-qaninja-io.umbler.net/sessions 
 status=200, reason=OK 
 body={"_id":"5f357ba7fbba920016c6bbc1","email":"cozinheiro@gmail.com","__v":0} 
 </msg>
<msg timestamp="20200813 19:39:31.365" level="INFO">${resp} = &lt;Response [200]&gt;</msg>
<status status="PASS" starttime="20200813 19:39:30.832" endtime="20200813 19:39:31.365"></status>
</kw>
<kw name="Status Should Be" library="RequestsLibrary">
<doc>Fails if response status code is different than the expected.</doc>
<arguments>
<arg>200</arg>
<arg>${resp}</arg>
</arguments>
<status status="PASS" starttime="20200813 19:39:31.365" endtime="20200813 19:39:31.366"></status>
</kw>
<kw name="Convert To String" library="BuiltIn">
<doc>Converts the given item to a Unicode string.</doc>
<arguments>
<arg>${resp.json()['_id']}</arg>
</arguments>
<assign>
<var>${token_cozinheiro}</var>
</assign>
<msg timestamp="20200813 19:39:31.366" level="INFO">${token_cozinheiro} = 5f357ba7fbba920016c6bbc1</msg>
<status status="PASS" starttime="20200813 19:39:31.366" endtime="20200813 19:39:31.366"></status>
</kw>
<kw name="Set Test Variable" library="BuiltIn">
<doc>Makes a variable available everywhere within the scope of the current test.</doc>
<arguments>
<arg>${token_cozinheiro}</arg>
</arguments>
<msg timestamp="20200813 19:39:31.367" level="INFO">${token_cozinheiro} = 5f357ba7fbba920016c6bbc1</msg>
<status status="PASS" starttime="20200813 19:39:31.367" endtime="20200813 19:39:31.367"></status>
</kw>
<status status="PASS" starttime="20200813 19:39:30.825" endtime="20200813 19:39:31.367"></status>
</kw>
<kw name="E &quot;cliente@gmail.com&quot; é o email do cliente">
<kw name="Set Test Variable" library="BuiltIn">
<doc>Makes a variable available everywhere within the scope of the current test.</doc>
<arguments>
<arg>${email_cliente}</arg>
</arguments>
<msg timestamp="20200813 19:39:31.369" level="INFO">${email_cliente} = cliente@gmail.com</msg>
<status status="PASS" starttime="20200813 19:39:31.368" endtime="20200813 19:39:31.369"></status>
</kw>
<kw name="Create Dictionary" library="BuiltIn">
<doc>Creates and returns a dictionary based on the given ``items``.</doc>
<arguments>
<arg>Content-Type=application/json</arg>
</arguments>
<assign>
<var>&amp;{headers}</var>
</assign>
<msg timestamp="20200813 19:39:31.369" level="INFO">&amp;{headers} = { Content-Type=application/json }</msg>
<status status="PASS" starttime="20200813 19:39:31.369" endtime="20200813 19:39:31.369"></status>
</kw>
<kw name="Create Dictionary" library="BuiltIn">
<doc>Creates and returns a dictionary based on the given ``items``.</doc>
<arguments>
<arg>email=${email_cliente}</arg>
</arguments>
<assign>
<var>&amp;{payload}</var>
</assign>
<msg timestamp="20200813 19:39:31.370" level="INFO">&amp;{payload} = { email=cliente@gmail.com }</msg>
<status status="PASS" starttime="20200813 19:39:31.369" endtime="20200813 19:39:31.370"></status>
</kw>
<kw name="Create Session" library="RequestsLibrary">
<doc>Create Session: create a HTTP session to a server</doc>
<arguments>
<arg>api</arg>
<arg>http://ninjachef-api-qaninja-io.umbler.net</arg>
</arguments>
<msg timestamp="20200813 19:39:31.370" level="INFO">Creating Session using : alias=api, url=http://ninjachef-api-qaninja-io.umbler.net, headers={},                     cookies={}, auth=None, timeout=None, proxies=None, verify=False,                     debug=0 </msg>
<status status="PASS" starttime="20200813 19:39:31.370" endtime="20200813 19:39:31.371"></status>
</kw>
<kw name="Post Request" library="RequestsLibrary">
<doc>Send a POST request on the session object found using the
given `alias`</doc>
<arguments>
<arg>api</arg>
<arg>/sessions</arg>
<arg>data=${payload}</arg>
<arg>headers=${headers}</arg>
</arguments>
<assign>
<var>${resp}</var>
</assign>
<msg timestamp="20200813 19:39:31.659" level="INFO">POST Request : url=http://ninjachef-api-qaninja-io.umbler.net/sessions 
 path_url=/sessions 
 headers={'User-Agent': 'python-requests/2.24.0', 'Accept-Encoding': 'gzip, deflate', 'Accept': '*/*', 'Connection': 'keep-alive', 'Content-Type': 'application/json', 'Content-Length': '30'} 
 body={"email": "cliente@gmail.com"} 
 </msg>
<msg timestamp="20200813 19:39:31.659" level="INFO">POST Response : url=http://ninjachef-api-qaninja-io.umbler.net/sessions 
 status=200, reason=OK 
 body={"_id":"5f358330fbba920016c6bbc3","email":"cliente@gmail.com","__v":0} 
 </msg>
<msg timestamp="20200813 19:39:31.659" level="INFO">${resp} = &lt;Response [200]&gt;</msg>
<status status="PASS" starttime="20200813 19:39:31.371" endtime="20200813 19:39:31.659"></status>
</kw>
<kw name="Status Should Be" library="RequestsLibrary">
<doc>Fails if response status code is different than the expected.</doc>
<arguments>
<arg>200</arg>
<arg>${resp}</arg>
</arguments>
<status status="PASS" starttime="20200813 19:39:31.660" endtime="20200813 19:39:31.661"></status>
</kw>
<kw name="Convert To String" library="BuiltIn">
<doc>Converts the given item to a Unicode string.</doc>
<arguments>
<arg>${resp.json()['_id']}</arg>
</arguments>
<assign>
<var>${token_cliente}</var>
</assign>
<msg timestamp="20200813 19:39:31.662" level="INFO">${token_cliente} = 5f358330fbba920016c6bbc3</msg>
<status status="PASS" starttime="20200813 19:39:31.661" endtime="20200813 19:39:31.662"></status>
</kw>
<kw name="Set Test Variable" library="BuiltIn">
<doc>Makes a variable available everywhere within the scope of the current test.</doc>
<arguments>
<arg>${token_cliente}</arg>
</arguments>
<msg timestamp="20200813 19:39:31.662" level="INFO">${token_cliente} = 5f358330fbba920016c6bbc3</msg>
<status status="PASS" starttime="20200813 19:39:31.662" endtime="20200813 19:39:31.662"></status>
</kw>
<status status="PASS" starttime="20200813 19:39:31.368" endtime="20200813 19:39:31.663"></status>
</kw>
<kw name="E que &quot;Hamburguer Vegano&quot; está cadastrado no meu dashboard">
<kw name="Set Test Variable" library="BuiltIn">
<doc>Makes a variable available everywhere within the scope of the current test.</doc>
<arguments>
<arg>${produto}</arg>
</arguments>
<msg timestamp="20200813 19:39:31.665" level="INFO">${produto} = Hamburguer Vegano</msg>
<status status="PASS" starttime="20200813 19:39:31.664" endtime="20200813 19:39:31.665"></status>
</kw>
<kw name="Create Dictionary" library="BuiltIn">
<doc>Creates and returns a dictionary based on the given ``items``.</doc>
<arguments>
<arg>name=${produto}</arg>
<arg>plate=Kind</arg>
<arg>price=23.00</arg>
</arguments>
<assign>
<var>&amp;{payload}</var>
</assign>
<msg timestamp="20200813 19:39:31.665" level="INFO">&amp;{payload} = { name=Hamburguer Vegano | plate=Kind | price=23.00 }</msg>
<status status="PASS" starttime="20200813 19:39:31.665" endtime="20200813 19:39:31.665"></status>
</kw>
<kw name="Get Binary File" library="OperatingSystem">
<doc>Returns the contents of a specified file.</doc>
<arguments>
<arg>${EXECDIR}/resources/images/hamburguerVeggie.jpg</arg>
</arguments>
<assign>
<var>${image_file}</var>
</assign>
<msg timestamp="20200813 19:39:31.666" level="INFO" html="yes">Getting file '&lt;a href="file://c:\robot\ninjachef\web\resources\images\hamburguerVeggie.jpg"&gt;c:\robot\ninjachef\web\resources\images\hamburguerVeggie.jpg&lt;/a&gt;'.</msg>
<msg timestamp="20200813 19:39:31.706" level="INFO">${image_file} = \xff\xd8\xff\xe0JFIFHH\xff\xe1(ExifII*n
t~\x86(1*\x8e2\xb8i\x87\xccSONYILCE-7RM2\xf0...</msg>
<status status="PASS" starttime="20200813 19:39:31.666" endtime="20200813 19:39:31.706"></status>
</kw>
<kw name="Create Dictionary" library="BuiltIn">
<doc>Creates and returns a dictionary based on the given ``items``.</doc>
<arguments>
<arg>thumbnail=${image_file}</arg>
</arguments>
<assign>
<var>&amp;{files}</var>
</assign>
<msg timestamp="20200813 19:39:31.736" level="INFO">&amp;{files} = { thumbnail=\xff\xd8\xff\xe0JFIFHH\xff\xe1(ExifII*n
t~\x86(1*\x8e2\xb8i\x87\xccSONYILCE-7RM2...</msg>
<status status="PASS" starttime="20200813 19:39:31.706" endtime="20200813 19:39:31.736"></status>
</kw>
<kw name="Create Dictionary" library="BuiltIn">
<doc>Creates and returns a dictionary based on the given ``items``.</doc>
<arguments>
<arg>user_id=${token_cozinheiro}</arg>
</arguments>
<assign>
<var>&amp;{headers}</var>
</assign>
<msg timestamp="20200813 19:39:31.737" level="INFO">&amp;{headers} = { user_id=5f357ba7fbba920016c6bbc1 }</msg>
<status status="PASS" starttime="20200813 19:39:31.736" endtime="20200813 19:39:31.737"></status>
</kw>
<kw name="Create Session" library="RequestsLibrary">
<doc>Create Session: create a HTTP session to a server</doc>
<arguments>
<arg>api</arg>
<arg>http://ninjachef-api-qaninja-io.umbler.net</arg>
</arguments>
<msg timestamp="20200813 19:39:31.738" level="INFO">Creating Session using : alias=api, url=http://ninjachef-api-qaninja-io.umbler.net, headers={},                     cookies={}, auth=None, timeout=None, proxies=None, verify=False,                     debug=0 </msg>
<status status="PASS" starttime="20200813 19:39:31.737" endtime="20200813 19:39:31.738"></status>
</kw>
<kw name="Post Request" library="RequestsLibrary">
<doc>Send a POST request on the session object found using the
given `alias`</doc>
<arguments>
<arg>api</arg>
<arg>/products</arg>
<arg>files=${files}</arg>
<arg>data=${payload}</arg>
<arg>headers=${headers}</arg>
</arguments>
<assign>
<var>${resp}</var>
</assign>
<msg timestamp="20200813 19:39:32.583" level="INFO">POST Request : url=http://ninjachef-api-qaninja-io.umbler.net/products 
 path_url=/products 
 headers={'User-Agent': 'python-requests/2.24.0', 'Accept-Encoding': 'gzip, deflate', 'Accept': '*/*', 'Connection': 'keep-alive', 'user_id': '5f357ba7fbba920016c6bbc1', 'Content-Length': '87580', 'Content-Type': 'multipart/form-data; boundary=1e926bc1bc5a1ec277eba60acb2257dc'} 
 body=b'--1e926bc1bc5a1ec277eba60acb2257dc\r\nContent-Disposition: form-data; name="name"\r\n\r\nHamburguer Vegano\r\n--1e926bc1bc5a1ec277eba60acb2257dc\r\nContent-Disposition: form-data; name="plate"\r\n\r\nKind\r\n--1e926bc1bc5a1ec277eba60acb2257dc\r\nContent-Disposition: form-data; name="price"\r\n\r\n23.00\r\n--1e926bc1bc5a1ec277eba60acb2257dc\r\nContent-Disposition: form-data; name="thumbnail"; filename="thumbnail"\r\n\r\n\xff\xd8\xff\xe0\x00\x10JFIF\x00\x01\x01\x01\x00H\x00H\x00\x00\xff\xe1\x03(Exif\x00\x00II*\x00\x08\x00\x00\x00\x08\x00\x0f\x01\x02\x00\x05\x00\x00\x00n\x00\x00\x00\x10\x01\x02\x00\n\x00\x00\x00t\x00\x00\x00\x1a\x01\x05\x00\x01\x00\x00\x00~\x00\x00\x00\x1b\x01\x05\x00\x01\x00\x00\x00\x86\x00\x00\x00(\x01\x03\x00\x01\x00\x00\x00\x02\x00\x00\x001\x01\x02\x00*\x00\x00\x00\x8e\x00\x00\x002\x01\x02\x00\x14\x00\x00\x00\xb8\x00\x00\x00i\x87\x04\x00\x01\x00\x00\x00\xcc\x00\x00\x00\x00\x00\x00\x00SONY\x00\x00ILCE-7RM2\x00\xf0\x00\x00\x00\x01\x00\x00\x00\xf0\x00\x00\x00\x01\x00\x00\x00Adobe Photoshop Lightroom 6.4 (Macintosh)\x002016:02:24 21:42:02\x00"\x00\x9a\x82\x05\x00\x01\x00\x00\x00j\x02\x00\x00\x9d\x82\x05\x00\x01\x00\x00\x00r\x02\x00\x00"\x88\x03\x00\x01\x00\x00\x00\x01\x00\x00\x00\'\x88\x03\x00\x01\x00\x00\x00\x90\x01\x00\x000\x88\x03\x00\x01\x00\x00\x00\x02\x00\x00\x002\x88\x04\x00\x01\x00\x00\x00\x90\x01\x00\x00\x00\x90\x07\x00\x04\x00\x00\x000230\x03\x90\x02\x00\x14\x00\x00\x00z\x02\x00\x00\x04\x90\x02\x00\x14\x00\x00\x00\x8e\x02\x00\x00\x01\x92\n\x00\x01\x00\x00\x00\xa2\x02\x00\x00\x02\x92\x05\x00\x01\x00\x00\x00\xaa\x02\x00\x00\x03\x92\n\x00\x01\x00\x00\x00\xb2\x02\x00\x00\x04\x92\n\x00\x01\x00\x00\x00\xba\x02\x00\x00\x05\x92\x05\x00\x01\x00\x00\x00\xc2\x02\x00\x00\x07\x92\x03\x00\x01\x00\x00\x00\x05\x00\x00\x00\x08\x92\x03\x00\x01\x00\x00\x00\x00\x00\x00\x00\t\x92\x03\x00\x01\x00\x00\x00\x10\x00\x00\x00\n\x92\x05\x00\x01\x00\x00\x00\xca\x02\x00\x00\x0e\xa2\x05\x00\x01\x00\x00\x00\xd2\x02\x00\x00\x0f\xa2\x05\x00\x01\x00\x00\x00\xda\x02\x00\x00\x10\xa2\x03\x00\x01\x00\x00\x00\x03\x00\x00\x00\x00\xa3\x07\x00\x01\x00\x00\x00\x03\x00\x00\x00\x01\xa3\x07\x00\x01\x00\x00\x00\x01\x00\x00\x00\x01\xa4\x03\x00\x01\x00\x00\x00\x00\x00\x00\x00\x02\xa4\x03\x00\x01\x00\x00\x00\x01\x00\x00\x00\x03\xa4\x03\x00\x01\x00\x00\x00\x00\x00\x00\x00\x04\xa4\x05\x00\x01\x00\x00\x00\xe2\x02\x00\x00\x05\xa4\x03\x00\x01\x00\x00\x00F\x00\x00\x00\x06\xa4\x03\x00\x01\x00\x00\x00\x00\x00\x00\x00\x08\xa4\x03\x00\x01\x00\x00\x00\x00\x00\x00\x00\t\xa4\x03\x00\x01\x00\x00\x00\x00\x00\x00\x00\n\xa4\x03\x00\x01\x00\x00\x00\x00\x00\x00\x002\xa4\x05\x00\x04\x00\x00\x00\xea\x02\x00\x004\xa4\x02\x00\x15\x00\x00\x00\n\x03\x00\x00\x00\x00\x00\x00\x01\x00\x00\x002\x00\x00\x00\x04\x00\x00\x00\x01\x00\x00\x002016:02:24 07:54:10\x002016:02:24 07:54:10\x00P\x1eV\x00@B\x0f\x00\x04\x00\x00\x00\x01\x00\x00\x00R%\x00\x00\x00\n\x00\x00\x00\x00\x00\x00\n\x00\x00\x00\x00\x04\x00\x00\x00\x01\x00\x00\xbc\x02\x00\x00\n\x00\x00\x00f7:\x04\x00\x80\x00\x00f7:\x04\x00\x80\x00\x00\x10\x00\x00\x00\x10\x00\x00\x00\xf0\x00\x00\x00\n\x00\x00\x00\xbc\x02\x00\x00\n\x00\x00\x00(\x00\x00\x00\n\x00\x00\x00(\x00\x00\x00\n\x00\x00\x00FE 24-70mm F4 ZA OSS\x00\x00\xff\xed\x00\x94Photoshop 3.0\x008BIM\x03\xed\x00\x00\x00\x00\x00\x10\x00\xf0\x00\x00\x00\x01\x00\x01\x00\xf0\x00\x00\x00\x01\x00\x018BIM\x04\x04\x00\x00\x00\x00\x00?\x1c\x01Z\x00\x03\x1b%G\x1c\x02\x00\x00\x02\x00\x04\x1c\x027\x00\x0820160224\x1c\x02&lt;\x00\x06075410\x1c\x02&gt;\x00\x0820160224\x1c\x02?\x00\x06075410\x008BIM\x04%\x00\x00\x00\x00\x00\x10\xa6=V\xf7\x10\x1c\xcf\xa9\xa6\xd2\x7f*PXZ\x8c\xff\xe2\x0cXICC_PROFILE\x00\x01\x01\x00\x00\x0cHLino\x02\x10\x00\x00mntrRGB XYZ \x07\xce\x00\x02\x00\t\x00\x06\x001\x00\x00acspMSFT\x00\x00\x00\x00IEC sRGB\x00\x00\x00\x00\x00\x00\x00\x00\x00\x00\x00\x00\x00\x00\xf6\xd6\x00\x01\x00\x00\x00\x00\xd3-HP  \x00\x00\x00\x00\x00\x00\x00\x00\x00\x00\x00\x00\x00\x00\x00\x00\x00\x00\x00\x00\x00\x00\x00\x00\x00\x00\x00\x00\x00\x00\x00\x00\x00\x00\x00\x00\x00\x00\x00\x00\x00\x00\x00\x00\x00\x00\x00\x11cprt\x00\x00\x01P\x00\x00\x003desc\x00\x00\x01\x84\x00\x00\x00lwtpt\x00\x00\x01\xf0\x00\x00\x00\x14bkpt\x00\x00\x02\x04\x00\x00\x00\x14rXYZ\x00\x00\x02\x18\x00\x00\x00\x14gXYZ\x00\x00\x02,\x00\x00\x00\x14bXYZ\x00\x00\x02@\x00\x00\x00\x14dmnd\x00\x00\x02T\x00\x00\x00pdmdd\x00\x00\x02\xc4\x00\x00\x00\x88vued\x00\x00\x03L\x00\x00\x00\x86view\x00\x00\x03\xd4\x00\x00\x00$lumi\x00\x00\x03\xf8\x00\x00\x00\x14meas\x00\x00\x04\x0c\x00\x00\x00$tech\x00\x00\x040\x00\x00\x00\x0crTRC\x00\x00\x04&lt;\x00\x00\x08\x0cgTRC\x00\x00\x04&lt;\x00\x00\x08\x0cbTRC\x00\x00\x04&lt;\x00\x00\x08\x0ctext\x00\x00\x00\x00Copyright (c) 1998 Hewlett-Packard Company\x00\x00desc\x00\x00\x00\x00\x00\x00\x00\x12sRGB IEC61966-2.1\x00\x00\x00\x00\x00\x00\x00\x00\x00\x00\x00\x12sRGB IEC61966-2.1\x00\x00\x00\x00\x00\x00\x00\x00\x00\x00\x00\x00\x00\x00\x00\x00\x00\x00\x00\x00\x00\x00\x00\x00\x00\x00\x00\x00\x00\x00\x00\x00\x00\x00\x00\x00\x00\x00\x00\x00\x00\x00\x00\x00\x00\x00\x00\x00\x00\x00XYZ \x00\x00\x00\x00\x00\x00\xf3Q\x00\x01\x00\x00\x00\x01\x16\xccXYZ \x00\x00\x00\x00\x00\x00\x00\x00\x00\x00\x00\x00\x00\x00\x00\x00XYZ \x00\x00\x00\x00\x00\x00o\xa2\x00\x008\xf5\x00\x00\x03\x90XYZ \x00\x00\x00\x00\x00\x00b\x99\x00\x00\xb7\x85\x00\x00\x18\xdaXYZ \x00\x00\x00\x00\x00\x00$\xa0\x00\x00\x0f\x84\x00\x00\xb6\xcfdesc\x00\x00\x00\x00\x00\x00\x00\x16IEC http://www.iec.ch\x00\x00\x00\x00\x00\x00\x00\x00\x00\x00\x00\x16IEC http://www.iec.ch\x00\x00\x00\x00\x00\x00\x00\x00\x00\x00\x00\x00\x00\x00\x00\x00\x00\x00\x00\x00\x00\x00\x00\x00\x00\x00\x00\x00\x00\x00\x00\x00\x00\x00\x00\x00\x00\x00\x00\x00\x00\x00\x00\x00\x00\x00desc\x00\x00\x00\x00\x00\x00\x00.IEC 61966-2.1 Default RGB colour space - sRGB\x00\x00\x00\x00\x00\x00\x00\x00\x00\x00\x00.IEC 61966-2.1 Default RGB colour space - sRGB\x00\x00\x00\x00\x00\x00\x00\x00\x00\x00\x00\x00\x00\x00\x00\x00\x00\x00\x00\x00\x00\x00desc\x00\x00\x00\x00\x00\x00\x00,Reference Viewing Condition in IEC61966-2.1\x00\x00\x00\x00\x00\x00\x00\x00\x00\x00\x00,Reference Viewing Condition in IEC61966-2.1\x00\x00\x00\x00\x00\x00\x00\x00\x00\x00\x00\x00\x00\x00\x00\x00\x00\x00\x00\x00\x00\x00\x00\x00\x00\x00view\x00\x00\x00\x00\x00\x13\xa4\xfe\x00\x14_.\x00\x10\xcf\x14\x00\x03\xed\xcc\x00\x04\x13\x0b\x00\x03\\\x9e\x00\x00\x00\x01XYZ \x00\x00\x00\x00\x00L\tV\x00P\x00\x00\x00W\x1f\xe7meas\x00\x00\x00\x00\x00\x00\x00\x01\x00\x00\x00\x00\x00\x00\x00\x00\x00\x00\x00\x00\x00\x00\x00\x00\x00\x00\x02\x8f\x00\x00\x00\x02sig \x00\x00\x00\x00CRT curv\x00\x00\x00\x00\x00\x00\x04\x00\x00\x00\x00\x05\x00\n\x00\x0f\x00\x14\x00\x19\x00\x1e\x00#\x00(\x00-\x002\x007\x00;\x00@\x00E\x00J\x00O\x00T\x00Y\x00^\x00c\x00h\x00m\x00r\x00w\x00|\x00\x81\x00\x86\x00\x8b\x00\x90\x00\x95\x00\x9a\x00\x9f\x00\xa4\x00\xa9\x00\xae\x00\xb2\x00\xb7\x00\xbc\x00\xc1\x00\xc6\x00\xcb\x00\xd0\x00\xd5\x00\xdb\x00\xe0\x00\xe5\x00\xeb\x00\xf0\x00\xf6\x00\xfb\x01\x01\x01\x07\x01\r\x01\x13\x01\x19\x01\x1f\x01%\x01+\x012\x018\x01&gt;\x01E\x01L\x01R\x01Y\x01`\x01g\x01n\x01u\x01|\x01\x83\x01\x8b\x01\x92\x01\x9a\x01\xa1\x01\xa9\x01\xb1\x01\xb9\x01\xc1\x01\xc9\x01\xd1\x01\xd9\x01\xe1\x01\xe9\x01\xf2\x01\xfa\x02\x03\x02\x0c\x02\x14\x02\x1d\x02&amp;\x02/\x028\x02A\x02K\x02T\x02]\x02g\x02q\x02z\x02\x84\x02\x8e\x02\x98\x02\xa2\x02\xac\x02\xb6\x02\xc1\x02\xcb\x02\xd5\x02\xe0\x02\xeb\x02\xf5\x03\x00\x03\x0b\x03\x16\x03!\x03-\x038\x03C\x03O\x03Z\x03f\x03r\x03~\x03\x8a\x03\x96\x03\xa2\x03\xae\x03\xba\x03\xc7\x03\xd3\x03\xe0\x03\xec\x03\xf9\x04\x06\x04\x13\x04 \x04-\x04;\x04H\x04U\x04c\x04q\x04~\x04\x8c\x04\x9a\x04\xa8\x04\xb6\x04\xc4\x04\xd3\x04\xe1\x04\xf0\x04\xfe\x05\r\x05\x1c\x05+\x05:\x05I\x05X\x05g\x05w\x05\x86\x05\x96\x05\xa6\x05\xb5\x05\xc5\x05\xd5\x05\xe5\x05\xf6\x06\x06\x06\x16\x06\'\x067\x06H\x06Y\x06j\x06{\x06\x8c\x06\x9d\x06\xaf\x06\xc0\x06\xd1\x06\xe3\x06\xf5\x07\x07\x07\x19\x07+\x07=\x07O\x07a\x07t\x07\x86\x07\x99\x07\xac\x07\xbf\x07\xd2\x07\xe5\x07\xf8\x08\x0b\x08\x1f\x082\x08F\x08Z\x08n\x08\x82\x08\x96\x08\xaa\x08\xbe\x08\xd2\x08\xe7\x08\xfb\t\x10\t%\t:\tO\td\ty\t\x8f\t\xa4\t\xba\t\xcf\t\xe5\t\xfb\n\x11\n\'\n=\nT\nj\n\x81\n\x98\n\xae\n\xc5\n\xdc\n\xf3\x0b\x0b\x0b"\x0b9\x0bQ\x0bi\x0b\x80\x0b\x98\x0b\xb0\x0b\xc8\x0b\xe1\x0b\xf9\x0c\x12\x0c*\x0cC\x0c\\\x0cu\x0c\x8e\x0c\xa7\x0c\xc0\x0c\xd9\x0c\xf3\r\r\r&amp;\r@\rZ\rt\r\x8e\r\xa9\r\xc3\r\xde\r\xf8\x0e\x13\x0e.\x0eI\x0ed\x0e\x7f\x0e\x9b\x0e\xb6\x0e\xd2\x0e\xee\x0f\t\x0f%\x0fA\x0f^\x0fz\x0f\x96\x0f\xb3\x0f\xcf\x0f\xec\x10\t\x10&amp;\x10C\x10a\x10~\x10\x9b\x10\xb9\x10\xd7\x10\xf5\x11\x13\x111\x11O\x11m\x11\x8c\x11\xaa\x11\xc9\x11\xe8\x12\x07\x12&amp;\x12E\x12d\x12\x84\x12\xa3\x12\xc3\x12\xe3\x13\x03\x13#\x13C\x13c\x13\x83\x13\xa4\x13\xc5\x13\xe5\x14\x06\x14\'\x14I\x14j\x14\x8b\x14\xad\x14\xce\x14\xf0\x15\x12\x154\x15V\x15x\x15\x9b\x15\xbd\x15\xe0\x16\x03\x16&amp;\x16I\x16l\x16\x8f\x16\xb2\x16\xd6\x16\xfa\x17\x1d\x17A\x17e\x17\x89\x17\xae\x17\xd2\x17\xf7\x18\x1b\x18@\x18e\x18\x8a\x18\xaf\x18\xd5\x18\xfa\x19 \x19E\x19k\x19\x91\x19\xb7\x19\xdd\x1a\x04\x1a*\x1aQ\x1aw\x1a\x9e\x1a\xc5\x1a\xec\x1b\x14\x1b;\x1bc\x1b\x8a\x1b\xb2\x1b\xda\x1c\x02\x1c*\x1cR\x1c{\x1c\xa3\x1c\xcc\x1c\xf5\x1d\x1e\x1dG\x1dp\x1d\x99\x1d\xc3\x1d\xec\x1e\x16\x1e@\x1ej\x1e\x94\x1e\xbe\x1e\xe9\x1f\x13\x1f&gt;\x1fi\x1f\x94\x1f\xbf\x1f\xea \x15 A l \x98 \xc4 \xf0!\x1c!H!u!\xa1!\xce!\xfb"\'"U"\x82"\xaf"\xdd#\n#8#f#\x94#\xc2#\xf0$\x1f$M$|$\xab$\xda%\t%8%h%\x97%\xc7%\xf7&amp;\'&amp;W&amp;\x87&amp;\xb7&amp;\xe8\'\x18\'I\'z\'\xab\'\xdc(\r(?(q(\xa2(\xd4)\x06)8)k)\x9d)\xd0*\x02*5*h*\x9b*\xcf+\x02+6+i+\x9d+\xd1,\x05,9,n,\xa2,\xd7-\x0c-A-v-\xab-\xe1.\x16.L.\x82.\xb7.\xee/$/Z/\x91/\xc7/\xfe050l0\xa40\xdb1\x121J1\x821\xba1\xf22*2c2\x9b2\xd43\r3F3\x7f3\xb83\xf14+4e4\x9e4\xd85\x135M5\x875\xc25\xfd676r6\xae6\xe97$7`7\x9c7\xd78\x148P8\x8c8\xc89\x059B9\x7f9\xbc9\xf9:6:t:\xb2:\xef;-;k;\xaa;\xe8&lt;\'&lt;e&lt;\xa4&lt;\xe3="=a=\xa1=\xe0&gt; &gt;`&gt;\xa0&gt;\xe0?!?a?\xa2?\xe2@#@d@\xa6@\xe7A)AjA\xacA\xeeB0BrB\xb5B\xf7C:C}C\xc0D\x03DGD\x8aD\xceE\x12EUE\x9aE\xdeF"FgF\xabF\xf0G5G{G\xc0H\x05HKH\x91H\xd7I\x1dIcI\xa9I\xf0J7J}J\xc4K\x0cKSK\x9aK\xe2L*LrL\xbaM\x02MJM\x93M\xdcN%NnN\xb7O\x00OIO\x93O\xddP\'PqP\xbbQ\x06QPQ\x9bQ\xe6R1R|R\xc7S\x13S_S\xaaS\xf6TBT\x8fT\xdbU(UuU\xc2V\x0fV\\V\xa9V\xf7WDW\x92W\xe0X/X}X\xcbY\x1aYiY\xb8Z\x07ZVZ\xa6Z\xf5[E[\x95[\xe5\\5\\\x86\\\xd6]\']x]\xc9^\x1a^l^\xbd_\x0f_a_\xb3`\x05`W`\xaa`\xfcaOa\xa2a\xf5bIb\x9cb\xf0cCc\x97c\xebd@d\x94d\xe9e=e\x92e\xe7f=f\x92f\xe8g=g\x93g\xe9h?h\x96h\xeciCi\x9ai\xf1jHj\x9fj\xf7kOk\xa7k\xfflWl\xafm\x08m`m\xb9n\x12nkn\xc4o\x1eoxo\xd1p+p\x86p\xe0q:q\x95q\xf0rKr\xa6s\x01s]s\xb8t\x14tpt\xccu(u\x85u\xe1v&gt;v\x9bv\xf8wVw\xb3x\x11xnx\xccy*y\x89y\xe7zFz\xa5{\x04{c{\xc2|!|\x81|\xe1}A}\xa1~\x01~b~\xc2\x7f#\x7f\x84\x7f\xe5\x80G\x80\xa8\x81\n\x81k\x81\xcd\x820\x82\x92\x82\xf4\x83W\x83\xba\x84\x1d\x84\x80\x84\xe3\x85G\x85\xab\x86\x0e\x86r\x86\xd7\x87;\x87\x9f\x88\x04\x88i\x88\xce\x893\x89\x99\x89\xfe\x8ad\x8a\xca\x8b0\x8b\x96\x8b\xfc\x8cc\x8c\xca\x8d1\x8d\x98\x8d\xff\x8ef\x8e\xce\x8f6\x8f\x9e\x90\x06\x90n\x90\xd6\x91?\x91\xa8\x92\x11\x92z\x92\xe3\x93M\x93\xb6\x94 \x94\x8a\x94\xf4\x95_\x95\xc9\x964\x96\x9f\x97\n\x97u\x97\xe0\x98L\x98\xb8\x99$\x99\x90\x99\xfc\x9ah\x9a\xd5\x9bB\x9b\xaf\x9c\x1c\x9c\x89\x9c\xf7\x9dd\x9d\xd2\x9e@\x9e\xae\x9f\x1d\x9f\x8b\x9f\xfa\xa0i\xa0\xd8\xa1G\xa1\xb6\xa2&amp;\xa2\x96\xa3\x06\xa3v\xa3\xe6\xa4V\xa4\xc7\xa58\xa5\xa9\xa6\x1a\xa6\x8b\xa6\xfd\xa7n\xa7\xe0\xa8R\xa8\xc4\xa97\xa9\xa9\xaa\x1c\xaa\x8f\xab\x02\xabu\xab\xe9\xac\\\xac\xd0\xadD\xad\xb8\xae-\xae\xa1\xaf\x16\xaf\x8b\xb0\x00\xb0u\xb0\xea\xb1`\xb1\xd6\xb2K\xb2\xc2\xb38\xb3\xae\xb4%\xb4\x9c\xb5\x13\xb5\x8a\xb6\x01\xb6y\xb6\xf0\xb7h\xb7\xe0\xb8Y\xb8\xd1\xb9J\xb9\xc2\xba;\xba\xb5\xbb.\xbb\xa7\xbc!\xbc\x9b\xbd\x15\xbd\x8f\xbe\n\xbe\x84\xbe\xff\xbfz\xbf\xf5\xc0p\xc0\xec\xc1g\xc1\xe3\xc2_\xc2\xdb\xc3X\xc3\xd4\xc4Q\xc4\xce\xc5K\xc5\xc8\xc6F\xc6\xc3\xc7A\xc7\xbf\xc8=\xc8\xbc\xc9:\xc9\xb9\xca8\xca\xb7\xcb6\xcb\xb6\xcc5\xcc\xb5\xcd5\xcd\xb5\xce6\xce\xb6\xcf7\xcf\xb8\xd09\xd0\xba\xd1&lt;\xd1\xbe\xd2?\xd2\xc1\xd3D\xd3\xc6\xd4I\xd4\xcb\xd5N\xd5\xd1\xd6U\xd6\xd8\xd7\\\xd7\xe0\xd8d\xd8\xe8\xd9l\xd9\xf1\xdav\xda\xfb\xdb\x80\xdc\x05\xdc\x8a\xdd\x10\xdd\x96\xde\x1c\xde\xa2\xdf)\xdf\xaf\xe06\xe0\xbd\xe1D\xe1\xcc\xe2S\xe2\xdb\xe3c\xe3\xeb\xe4s\xe4\xfc\xe5\x84\xe6\r\xe6\x96\xe7\x1f\xe7\xa9\xe82\xe8\xbc\xe9F\xe9\xd0\xea[\xea\xe5\xebp\xeb\xfb\xec\x86\xed\x11\xed\x9c\xee(\xee\xb4\xef@\xef\xcc\xf0X\xf0\xe5\xf1r\xf1\xff\xf2\x8c\xf3\x19\xf3\xa7\xf44\xf4\xc2\xf5P\xf5\xde\xf6m\xf6\xfb\xf7\x8a\xf8\x19\xf8\xa8\xf98\xf9\xc7\xfaW\xfa\xe7\xfbw\xfc\x07\xfc\x98\xfd)\xfd\xba\xfeK\xfe\xdc\xffm\xff\xff\xff\xdb\x00C\x00\x04\x02\x03\x03\x03\x02\x04\x03\x03\x03\x04\x04\x04\x04\x05\t\x06\x05\x05\x05\x05\x0b\x08\x08\x06\t\r\x0b\r\r\r\x0b\x0c\x0c\x0e\x10\x14\x11\x0e\x0f\x13\x0f\x0c\x0c\x12\x18\x12\x13\x15\x16\x17\x17\x17\x0e\x11\x19\x1b\x19\x16\x1a\x14\x16\x17\x16\xff\xdb\x00C\x01\x04\x04\x04\x05\x05\x05\n\x06\x06\n\x16\x0f\x0c\x0f\x16\x16\x16\x16\x16\x16\x16\x16\x16\x16\x16\x16\x16\x16\x16\x16\x16\x16\x16\x16\x16\x16\x16\x16\x16\x16\x16\x16\x16\x16\x16\x16\x16\x16\x16\x16\x16\x16\x16\x16\x16\x16\x16\x16\x16\x16\x16\x16\x16\x16\xff\xc2\x00\x11\x08\x047\x02\xd0\x03\x01"\x00\x02\x11\x01\x03\x11\x01\xff\xc4\x00\x1c\x00\x00\x01\x05\x01\x01\x01\x00\x00\x00\x00\x00\x00\x00\x00\x00\x00\x00\x01\x02\x03\x04\x05\x06\x07\x08\xff\xc4\x00\x1a\x01\x01\x00\x03\x01\x01\x01\x00\x00\x00\x00\x00\x00\x00\x00\x00\x00\x00\x01\x02\x03\x04\x05\x06\xff\xda\x00\x0c\x03\x01\x00\x02\x10\x03\x10\x00\x00\x01\xf4\xb0Ns\x9c\xc7\x12+\x16R9\x8f\xb1\xeek\xb4+\x91\xd2\x14QU\x16aA@\t\x00\xa0\x00\x00(\x80\xa0\x00\x00*\n\x00\x00\x00\n\x08(\x00\x00\xa2(\x00\n\x8a\x00\n (\x8a\x00\n"\x80\x00\x00\x02\x88("\x80\x00\x00\x08\xa0 \xa0\x82\x82\n\x08( \xa0\x88\xa1\xcf#\xceij\xb9 \xaeG\x8a\xf4\x93@\xf1\xd7\n,\x85E\x05\x16`\x00P$\x00( \xa0\x00\x00\xa8\n\x00\x00(\x00\x00\x00(\x00\x00\x00\n\x8a\x00\x02\xa2\x80\x00\x00\xa2(\x00\x00\n\x00\x00(\x8a\x00\x00\x00\x00\x00\x00\x00(\x80\xa2\n\x80*\x00\x00\x8a\x86\x10\xa9\xcd*+\x86\xaa\xa8\xe9\x18\xfb\xa4V\xbbB\xaa,\x80\x05\x01\n\x00*\x12Q\x14\x00\x05@Q\x14\x15\x14\x04P\x00\x15\x14\x00\x00\x05\x00\x00\x00\x05\x00\x00\x05E\x00\x00\x00T\x05\x00\x00\x14\x00\x00\x00\x14E\x00\x00\x01PQ\x14\x00\x00\x00\x00\x00\x00\x00EC\x05Gr\xca\xabA\xe2,\x9c\xe6&gt;\xe9\x1c\xc7\xe8UE\x90\n\x80\x00TP\x02@\x02\x80\x00\n\x00\x02\x88\xa8\xa0\x00*(\x00\x00\xa0\x00\x00\x00\xa0\x00\x00\n\x8a\x00\x00\x00\xa8\xa0\x00\x00\n\x00\x00\x00\n\x8a\x00\x00\x02\xa2\xa0\xa0\x00\x00\x00\x00\x02\xa0\n\x80\x01\x80\xe8_\xc7.V\xac\xcb\x9c\xc5\x98{\xe1\x92\xe9\x9d\x1b\xf4=Z\xe9(\x84\x94\x04\n\x84\x94\x00\x00P\x00\x01DP\x00P\x00\x00TP\x00\x14\x00\x00Q\x05\x00\x00\x05\x00\x00\x00\x05\x00\x00\x00\x00\x01@\x00\x00\x05\x10\x14\x00\x00\x15\x01@\x00\x01@\x00\x00\x00\x01\x05C\x97\x96\xb4\x9cS;\xab\xbafb\'JW\xc5%\xa2G\xc6\xfb\xa5s\x1fr\x82\xc8\x02`\x00Q\x14\x00\x05\t\x00\n\x00\x02\x80\x00\xa8\xa0\x00\x00(\x00\x00\xa0\x00\x00\xa2\n\x00\x00\x00\xa2(\x00\x00\x00(\x00\x00\x00\x00\n\x8a\x00\x00\x00\n\x00\x00\x00\xa8\xa0\x00\x00\x00\x00\x07 \xf6\xc9\xc3dsV\x0f|o\x1e\xf8\xdd\xa2i!\x92\xf1+\xe3~\x87\xaa:\xc0\t\x00!@H\x02\x05\x00\x00P$*(\x00(\x8a\x00@P\x90\x00*(\x00\x00\x02\x80\x00\x00\n\x00\x00\x00\x00\xa0\x80\xa0\x00\x00\x00\xa0\x00\x00\x00\x00(\x00\x00\x00\x02\x88\xa0\x00\x02\x88\x01\xc9\xbd\xab\xc5aQ`\xaec\xc7\xbd\xb2\\\xb26K\x9c\xf4~\x90\xe5B\xc5\x02B\xa0(\x00\n\x80\x04\x8a\x8a\x80\x01@\x00P\x00\x15\x14\x00\x90\n\x00\x00\x00\xa0\x00\x00,\x11B@\x00\x00*(\x00\x00\x00\x00\n"\x80\x01\x00\x00\x02@\xa0\x00\x00\x00\x00\xa0\x00@\x00TT\x97(\x8a\xce+=\xd1\xbe\x0esd\x93\xa5d\xda\x16F\xc9xs\x91t(\x12P\x01D\x14\x00TP\x05\x11A\x00(\x00\n\x00\x00*(\x01%\x11@\x00T \xa0H\x00\x14 \x01 \x14@P\x00\x00\x00\x00\x00\x14\x00 \x00\x00HTX\x00H\x00\x00\x05E\x00\x00\x00\x02\x02\xa1.Q\x07p\xd9\x1c\x8aI,r\xc9\xf26M\x8ez?H\x15\x16\xc0\x14\x00\x05\x00\x00\x05\x00\x14\x00\x05E@\x00\xa0\x00\x00\xa0\n\x80\xa0H\x02\n\x00\x00\n\x8a"\x84\x80\x00\x16\x00\x12\x00\x80\x00\x02\xc8\x00\x00\x00 \x01 \x16\x02(\x00H\x00\x00\x80\x0b$TP\x00\x00\x00\x0eQ\xc2\xf0\xd9\x15]\x12\xb36]!\xd2\xb2M\x8fQo\x00,\x80\x00\x00P\x00\x05\x00\x01@\x01@@\n\x90\x04\x02\x80\x00\x02\x80\x00\xa8\x89p\xc6\x13\x11\x10\x95bt\x9eC \xe1\xae\x01\xaa8@P\x10\xa8(\x00\x00\x00\x00\n (\x82\x80\x00\x00\x00\x00,\x90T\x82\x80\x00H\x00\x01a\xca\xbd\x8b\xc5w\xbd\x8f%\x9296\x87\xca\xc7\xear\xa2\xda\x00P\x00\x15\x01@\x05@P\x01@\x15\x01@\x05E\x00\x10\x05(\x9b\xa77\x9b\xcd\xbfk[\xcbe\xad\xfd)\xbem\xaf\x13\xd3\xc5\xc5C\xe7t\xd9\xd4\xe0\xb6\xf4v\xdc\xed\x8d\x8c\'\x1f\xba\xf2\x9d\xdbZ\x1b\xd9\x17\xb7\xa5\x9e\xa3\x1b?\t\x97{\x93\xecj\xa7{\xce\xb7\x96\xee_\xc9\xd2\xf5\xf8;\xa3\x9b\xbfjj\xad\x1b\xbbf\xa0Z\xa2\xa2\x88\xa8\xa0\x00\x00\x00H\x02\x00\x00(\x00\x00\x12\x00\x80\x00\xa8\x12\xe5\x95W\x82\xc4\xad\x93C\xe4l\x9a\x9e\xf6\xbfH\x14$(\x00\x00\xa0\x00\x00(\x00\n\x00\x088\x8e\xb9q\xb9x\xd8i\xd4\xd2\xe3\xb3\xb8\xfaz\xe3\x94\xea\xf2\xbdZ\x18\xd6\xf8\xf7\xb1;.\'\x1a\xb5\xd8\xe9\xaeq\xd0\xda\xcd\xcb\xc5\xa1\x15t\xac\x9aTs\xb6\x9b`\xaf5\xec\xf9\xdc\xce\x9f\xa7\x0eb,\xce\x93-\xb7\xe8kf\xf4\xe1\x97\xaf\x91o\r\xfa\xaa\xb5\xb0\xd9\xedl\xf3\xef\xdf\x1dK\\\xf3\xfd\x1c\xfb7s\xb9\xfd\\\xbd\xdaU\xb3\xa6\n\x06\x95\x00\x00\x00\x00\x00TP\x00\x00\x00\x00\x00\x00\x90\xa1\x0e]\xcc\x7f%\xa4{$\xb9\xf2\xc7&amp;\x89\x1c\xd7\\\xa0\xb3\x00\x00\x00\xa0\x00\x02\x80\x00\n\x94\xf9\xcc4\xeb1xM\x9e&gt;\xa9*s\x968\xba\xb5Z\xdbT\xb6U\xabl\xc3F\xcf-y\xac\x94j[\xe7\xbb:\x1a\xb9\xbd\x14\xbf\x0c4\xab=5\xef!e\xe3\xa9\xda\xe1m-\xe9\x13\xf9\x95\xcc\x8e\xb0\xea:N\x86\x8f/B\xf5\xe8\xfb\xaf6\xeb+\x18Wp\x9f\x8e\xf4\xbawg\'\xaf\xa5\xb4\xeba\xcb\x1b\x9cz\xda\x95\xf4\xa4\x9a\xf4\xdcgm\x8b\xdb\xcf\x93\xd9\xf9g\xa1\'\xa3\x93\x92\xb7\xec\xf9\xfd\x19\x8b\xaf9\xbc\r(\x00(\x00\x00\x01 \x08\x00\x00\x00\n\x00\x1c\xb4\x8c\x93\x96\xce\x969.\x92H\xe5\xb9\xcek\xaeUE\x98\x00\x00\x01P\x14\x01D\xa7\x12\xfc8j\xf0uW\xe6\xb5\xb9O+\xd0\xec\x92\x8c\xb5\x9d\x9c\x16\xeaL%\xbb\x1c\xdc\xc6\xd4\xf8\xd76\x8b\xfc\xdfa\xc5eZ\xbduh\xe9kU\xfc\xe9\xd4\xd3\xd3\xb9&gt;Z\xe6zZuGm\x1a7\xf4\xf4k\x9f\x16\x9b\xf0\xc5\x97R\x8e\xd6q\xcc\xe5h\xef\xf5F\x94\xbb&gt;q\x14\x83\x9f\xbb\x15z6\xb7\xb8\x19\xe9[\xdd&gt;\xde%\xb3\xe8\xf2s\xec\xc4h\xd4\xe9 \xb5y{6\xf0\xb3\xe9}\x96\xb7j\xdeNc\xbc\xd7&lt;\xbb\xb5\xec\xf4\xd3\xabv\x16\xbf\xa7\xe5\xce"\xeb\x90\x00\x00\x00\x00\x00\x00\xa0\x00\x00\x01\xcb\xc9\x1c\xbc\xd6\x92X\xe5\xb9^\xd7X\xf75np\x8a*\x02\x05BJ%X\x9bk\x85\xa7Yf\x0c|_\x0f^\xa4\xf2\xeca\xbf\x1e\xf5g\x0fN\xbe\xb5Y\xb7\xc2\'r]\x85\xe6\x83,Ayff\x9e_&gt;\x93r]E|/V\x0e\x96\x86lWE\x1d\xe4M\n\x95\x98\xe0\xd1\xb1zs\x0b\xd1L`m\xd1L\xef\xd3\xf2\x16\xa5\xa5\xb1\xba\xfb\x13kK|\xfe\xd6fZT\xcf\xd2\xcfZ\x9c;\t\xbezIY\x95\xa7g\x94\x9c\xef6\xbe\xaf\xccI\xb9\xae\x168\x98\xfb;\xcf\x11\xd5\xe2\xaf/D\xe8\xf6\xf4R\xfd\x8c\xfb\x9e\x9f&lt;\x926\xacS\xae\xb9\xcbt=\xbc6\x80\xee\xe4\x00\x00\x00\x00\x15\x05\x00\x00\x00\x0e^h\xa6\xe6\xb4\xb2F\xfb\x9e\xe6\xbe\xe5sV\xc5\x10\x1c (\x04&lt;Ga\xc9pu\xf3\xdd\x06\x8en=\x1c\xafZ\xdbsb\xa5\xfa\xd6\xa7)\xd0\xda\x9b\x9fR\xb5\xdazR\xbd\x85\xa72\xea\xaf\x8f;\xc3\x11\x07=\xe6\xd6\xc3\xb8\x8e\x9b\x94\xcb\xc7\xc2\xd2t\xdc\xee\xc5\xe7\xbb\xf3\x8d\x0c:\xc5\x8b\xb9\xf43\xd3[&gt;M\x1bF\x7fg\xc5wJ\xe2\xf4Lf6\xd8\xc3\xa5OH\xdaJy\xf7\x89\xf3\xba~\xaa\xd5\xe4uz\xbf:\x8ao\xb1\xd1r\xed\xcb\xbe\xa3y\xfb,\xe2\xec\xba\xf5\xf4NVj\xbd|\x96\xf49\x1dlt\x92\x8fC\x9b:\xd8\xd6\xc6\xd5\xea\xce\xad\x88\xd9\xd3\x9e\x85\x0b,\xd3\x1e\xb6\\\xbd?[\xc9P4\xcc\x00\x01DP\x00\x00\x00\x00\xe6\xa6t\x98]\xaf\x16\xf0\xafk\xacUj\xc8TX\n\x8a\rn$L\xd4\xb3g\xe2\xec\xb3Q\x82\xeb=\x0b\x99\xdd\xd2J\xc9\x89k\xb1\xb66He\x85L\xbbu\xb9\xb4\x7fE\xcf\xda\xc4\xec}\xec\xfc\xad\x8c\xdc[v\xd6V:&lt;l\x8b\x1fI1\xcf\xf6T\xdf\x94h\xf9\x8f\xa7\xf9\xbe\x91\xdc3\xce\xdb1\xdev~s\xadX\xd4\xe1\xe5\x8b\x9f\xaa\xbd\x8a3\xea\xd0\xa3kk\\\xbb=\x1e?\x9ag\xb3\xcd\xba\xcf/\\\xf3\xe6^\xc2ihlfi\x08\xe2\xa67~V\xa9\xa4v\x17|\xdbg\xb3\x97Ms{\xbc\xf5\xc5lk\xac\xdc\xa5`\xd5-\xca\xb7{9\xad\xea\xf3\xfa^\x8f\x9f\xa4A?O\x18\n\x84TP\x00\x00\x00\x00\x031eJm\nH\x93F\xaa\x93\x00\xa0\x82\x90#~\x1ew*\xadn.\xac\xca\xf0c\xf9=\xbb\xb7j\xc9\xa3\x13\xb3\xaco[\x11\x0b\xd5\x9b]\x0b%f\xc6^7\x1d\xf3\xf7-6\x96\x8b_\x12;\xc6\xb7-S\x03\x8b}\r\\\x9d-\xe3g:\xdd\x0c\xd5;.%\xd0\xea\'\xe16+\x1d\xff\x00\x99^nw\xc2w\xa6rr\xc4\xb2\xff\x00NO\x00ns\x1c\xfa9\xee\xd1\xd60z\x96$\xc5\x9eoS\x99\xbc\xee\xaf?\xdfV\xb8\x14\xfdw\xc7\xf4\xa7\xb2r8\xd5V\x91\x91\xd8\xe5\xe8\xafn\xaasiz*\x9bG#\xe8\xbc\x9e_V^\x9d\x8d\xbb\xce\xed\x96\xe5\x8e;\xd26\xcb\x16\xfd\t:V\xe6\xc4\xe87\xe7\xce\xeax\x9e\xafn{J\x8b\xe9\xf9\xe8\xa0\x00\x00\x00\x00\n\x15\xd2D\xa6\xd02fMcGC5\x95(hg",\x17\x8c\xef*\xec\xf9O\x07\xda\xd6\x83_\x9b\xf3\xf4\xd1\x9b\x19\xd6\xafM\x1eS:\xb0\xdbo0\xf4\xee\xdf\xe5wb\xf2D\xd6\xf4V\xcb\xa1\x97\x0b\xea\xe2\xe7\xd8\xa1\xab3w\xb5.\x7fz*\xdb\x0fb\xed.k\xb6\x0bFl\xe8\xb6\xdb\x95\xf3\xa2\xd7\x8e\xb4\xcb\xea\xf2vw\xce\xbc\x1a6\xe9\\\xf7\xed\xf9\xf4\xdb\xd2\xfc\xdb]\x94\xb75\xdes\x0f\x9bw9X\xf5)lj;\xf2\xce\xbc\x9fe\x9d-\xa3\xbe\xe3k\x9c\x9a.V\xccz\xaa\xfa\xa7\x90w]\x9c\xb6\xf9\xce\xf3\x83\xcbKw\xea\xea\xe9lxuhi;Ve\x95\x943&gt;\xd6\xb9F\xde_\xbf\xb5x\xae\xd6\x94\xfdX\xc2\x93\x96\x8d)\xb26=\x0f9\x00\xdf\x10\x00\x00\x14\x00\x024\x12\x9b1\x8fd\xd5\x99\xbay8[3o\x13g\x87{\x9c\xee\xa7\x07\xd0\x87;n\xdf\x83\xe9X\xad\xa1\xcei\xcd\x8b\x06\xc5\x0e]_\x9f6&amp;\xb9\xd6\x8d\xba\xbaW\x0e\xdc\xbcgg?cg\xce\xd7\xb3/k\xb5\xe5}g\x0e\x9b\xb6|\x9e\xdd\xde\x91o\xcc\x91&gt;\xa1[\x80\x87=;\x1c\xbe:\x9e\xd9\xf7qq\r\xd6\xbd\xab8\xd6^;5\xe4-\x9dZq3\x9dD\xdc\xbc5\x9e\xc2\x1eN\x19\x9fF\xa1\xc1\xc5g\xaen\xf8-\xec\xde\xc8\xdf$\xe8p\xe8\xf4\xd6\xf3|\x8e:z\xba\xf8\xed\xfd3\xf5\x1a\xfeec\x9foN\x9f\x89\xd0\xe4\xd7z\xceBD\xea2lf\x9b\xbb|6\xb7n]]\x9c\x1b\x9d|\xfa\x11\xc3r%\x11e\xa5\xb06\xeeA\x11*\xce\xbe\x874\x0e}\x8bV\xa6\x8a;\xa3\x98\x03l\x80\x00\x14\x00\x11@\x81\x10\xcftj\xb6h\x88\x16\xad\n\x9bX\\Zs\xf43\xbb.\x1fK[#V\x0e\xde\x1er\x86\xe6w\x91\xd3E\x93\xc7H\xc3\xa1k\xcf/\xcd\xd1]\xf3\xfd\x8e\xde-\xfc&gt;\xa7\x96\xcak\xcb\x05n\x98\xefe\xc9\xd0\xf2:1\xec\xf5\x92\xf5m\xcbg\xf49\x119\xf6\xa6\xb1\xadq\xf3\xfal\xdbW\x16[\xa9\xad\xf2\xe0\xdb\x87I\xc5m\xdd[O\'&amp;\x9b\xaf\x95w\xd8\xbd\x95\xb9\x98\xb4\x1f\xb64&amp;\xe8tq\xbf7f\xfe\xa6:P\xdc\xbd\xb5\xc9\xd5C\x96\xe8-\xdb\x7f#\xb7\x0c\x1e\x87\x91\xbb\x7f\x8b\x96\x95\xed\xf4x~\xb7\x8fN\x8a\xc2\xbb\x83\xab\x1b\x0b\xd0\xb1{\xf3\xe1mnz\x06V\xf3\xfe\x8f\xa1\xc4\xe0\xf4n\xee;&gt;\xd7\xd5\\\xeb\x9bsk\xebs\x93\xf6\xe1\xd3\x1c\xed\xff\x00G\x93I\xd0Q\xea\xcfX\xe0\xfb:\xc5\x91\x17x\x01P\x02\n\x00\x00R#1\xe9z!l\xd4B\xf5Z\xb6c\xab\x99],\xdf\'\xa1\xb9\x17#L\xb63\xa01+ks\xdcV\x8b\xcf;\x9ek\xb7\x83\x03\xa1OE\xde\xbc#,\xe4\xf3\xe9\xb1\x97A4\x9b\x97\xa2\xd9\xca\xfao\xa3k\x1dj\xd6\xd0\xa3\x08z\xbc=M\x15\xf8~\xceZ\xb9\x0e\x9bO\xa5\xce\xf9\x0c\xeb\xf34\xd3\xc7\xa9\xdd\xe5\xfa2\x97V\xa6\xc6\xb4\xe9(\x94\xfc\xed\r\xde~\xc5#^*\x15\xabm\x0b\xd9\x9b\x12\xea*?:\x19}O/\xb5\xd9\x1e7[\xda\xe3\xdf\x87\xc7\xad\xfacr\x8e\x1fj\xcd,5\xed71\xf6\xb0\xea\xb3\xbb_k\xb7&lt;&amp;l`\xe2\xcf\xc1\x87/\x97_D\x83\x99\xde\xc7\xb6u\xb3\xa1\x14\xc0ocN\xd5\xe5\xb4V\xbf=\xf7/\xf2\x9a\xbd\x99]\xd6\xcd\xb9\xe8\xe3\xba\x99\xf6=.k%K]9\xb8E\x98\x00\x00\x0c\xb5j\xe3\xd2\xe1\x0bf\xe1\x0b\xd5\xd1I\r\x15\xb3v\xf28\xf4\xc2\xb4\xac\xf3\xb6\xa7\x85\xb7\xcbsZZS\xe6L\xbf\x90\xde\x87\xb7\x99{.\x13SH\xe9|S\xdby\x0c\xf4\xe2\xb7\xfb\x1d\x93\xce\xb77\xe2\xe7\xbd)3\xb9\xed\xf2\xe8\xfb,\xde\x9fY\xe3\xb4\x93[\x8f\xa1]&lt;\xb7\x94\x9e*v\xafA\xc1\xe3s:d\xc9\xba\x1a\x9c\x9e}\x19\xa7^s$r\xe0\x1ffZ\xcd]\x15\xb3f\x86\xae~\xf7F\x98\xd8\x1e\x8b\xc5u-_m\xbd\xf2R\xf5k\x97\x1a\xf6\x16$\x86~\xbf\x06\x8d\xa1\xde\xc6\x8fH\x8a\xca\xd6\xb5\x1f&lt;\xc1\xce\xf58|O2\xe8s\xbaNv\xd6\x9cR\xf6\xf6;K\x9f\xd4\xd7K\xf9\x1a\xb3\xfa\x1c\xbeoG\xd6px5\xe44\xf9\x8b\x9czu\xf78\xfb\xf7uV\xf9\xddn\xfc/\xba5\xf40Y t\xa5V&gt;\xf1\x90\xac\\\xf5z\xb1f\xaf\x1a\xebA\x0c\xcd\xcd-[T\xe5\xcf\xd5\xd9\xc9\xf2\xb7\xe59\xff\x00D8\xf9\xbc\xdb\x1b\xd6\xa1\xe8\x9f-\x9f\xd0\x1d\x95x\x89\xfa\xc93\x9e?\x1f\xd0[\x95\xfc\x97\x7f\xd1#\xde1\xe6\xb5\x17&gt;\xb9\x19=*^:\x99s\xeb\xf4\xe9\xb0\xfeS+=;\x9c\xce#\x9e\xb5\xfbn6\x85N\xac\xecZ\xc2\xb3\xd3\xc7\xe8N\xa7w\xc8\xe0\x8ae\x93\rZ\xf2l/3\x99-m=\x84\x96/\xa3n\x85\xbb\xdb\xa6\xca\xabw\xd1\xcf&amp;\xe5\xdbw\x9e~\x83\xb9\x9e\x0c\xe5\xe8\xe4\xe8wR\xdc\x8e~\xfb\xd8V;\xa2\xc8\xadL\xce\x1c\xb4\x96\xf3\xdb\x91s8\xad{n\x85\xca\xcd\x86\xbdZ\xcf\xafs}\xe5\x9a\n\xdd|\xfbo\xadc\xd1\xe6Z\xf6\x03\'\x88\xf4\xea\xfc;\xf0:\xbb\x93\xf1j]\xa5o\xd5\xe5x\x1b\xd0\x00\xc6Qk\xa0\xa2\x83\x91\xc8E\x1d\x02)Idgm\xf3~]\xb4s.Q\xbeY\tex\xd9Fc8\xf2\xd9\x83"\xb5#\xa4J\xc9\xcb\xd1v\x05\x8e\xc8\xa5\xca\xb1f\x83\xe92\xb1j\xa9\n#J\xb5\xd4\x9b\x8b\xe8\xb9\xbfK\xab\x12\x17\xc7\xef\xe4Z\x89\xf1\x1e\x81w?O\xc1\xe1s\xd1y\xf5\x9exg\xcbG\xca\xd9\xe9i\xe7\xa9=on\xdd\x1bI\x91\xf1I\t\xdc\xad\xed\xa6&lt;3\x9c\x95\xeb&amp;\xa3w\xd3\xb4\xf3gim+$-\x99\x92J\xf2\xd53\x07\\\xc8%\xa5\x8c\xd6rQ\xc2kt\xbe9\xe8\x16\xbe\xdd\xe9+w\xefj\xde%\xba\xc6\x84\xb8\xf9{c\xd87\x9e\x96\xd1\xbb%[]\xd9\x91\xc8\xb2\x82W\x15\x00^\x00\x0c\x87$\xb5\xd1\x1e\xf9&amp;"K\x02+\x130`\xa0\xda7\xea\xe7n~\x19\x93\x86`\xc2\xe8y\xfe\nq]\x1bnq\xe7\xcce\xf4Xt\xcfnL\xbb\x1c\xdb\xeag\xd0\xca\xe8\xae\xbas\x8c\xda\x9d\xb5\x8e\x1f\x7f;\xecch\xe7g3S\x9b;\\\xb3\xb0\xae\xe4{=-\x967\xf6D\x92\xd4\xb5\x13\xd1hr\x9dW\x8b\xc6\xfbT\xacr4\xac\xe5\xc9\x96\x9b\x13\xe7^\x8bN\xe8\xac/5\x8a\xe9\x13nZr\xe57\xecW\x9bdu\xb4c\xbc&gt;\xedgL\xc9~\x95\x8d\x13\xbe\xb3\xf5O-Y6\x8b\t\x1c2~u\xca&lt;\xd2\xce\x13\xaf\xf3\xf8\xcf\x8d\xe91\xb5;9}\xde\x97+\xd1\xd3\xd81v\x93\x9bn;o\xa5|a\x9d\xa7\x95~\xce\x82j6~\x8f\x96UE\xe8\xa8\x00\x00\x00\x19\xb3\xc7&lt;]\xd2\x12MZ&lt;\x841\xd8\x8ef\xbbe\x8e\x0c\xcd\xbf\x91\xcf\xa6S4\xe6\xe0\xdf\x0b\x93\xf4\x0c\xde*r\x1a\xc8y7\xab\xcbt\xd9\xb4\x8a8}O;\xd5\x9f1&amp;\x9b\xfdL\xa9\xcda2\xacns\xa2o\x19\xd1e7\xf3[_x\xca\xa3\xbd7\xa1\xd1\xcd;\xa3,\xe6\xe7\xd6Ts\x9av\x89\xa6\x95\xcc5\xe2\x9e\x82n^&lt;\xe3\xb0\x9f\x89\xb1\x9d{\xbb\xde}?4\xf7\xd5\xb8\xf7f\xeet\xfc\xda\xeen\xea\xc7\x9e\xd9\xca=.N\x1a\xcd\x1d\xd3\xf8\xae\x8bV\xad\x9aV\xf6\x99\xa2E\xde%}wBx\xe0\t\xf3\x0c\xdey\x97\xbd\xe2\xfb\xcf\xa8\xcf\xc49\x0fJ\xf3\xbf:\x96:\xaf;\xd3\xe1\xa7\xa9[\xc8\xb9\xe7\xfb\xfb\x9b|GQ\xeb\xe1\xa3\xcfn\xe5\xf5a\xa5w\x16\xfeU\xd0}I\xfd\x8c%\x03\xa6\x80\x00\xa8\x14\xac\xc1b-#\x87 \x14\x1b\x14y\x94\xb6\x86vf\x07\x9d\xd5\xad\x83g3\xc0\xebb\xd4\x9f\xa16\x97!\xa7\x94\xf5Y|\xdfU\xc1\xb4\x10\xca\x9e6\xf4\xe0\xbf\x1e\xb1\x9f\x0e\xac;\xc6\\zl\xd2\xb9m\xd3e\xeb\x9b\x1e\xbaY\x8c\x9b\x0bfK\xb5H\xb6Q\xaa\xa6:l4\xca]G\xa3-6\xa4\xa3\x9fgL\x1c\xbau\x8d9\x18\xfbH\xed&lt;\x9a\xf5l\x97$\x9d\x92#\x91^\xc1\xf1\x1cl\xfd|\xf9\xc7\x1d\x7f\xa2\xb3Z\xd7\xe82\xa5\xd2\xb3\x91\xad-+\xa1"%c\xe2F}\r\x98\x97\xb2\xd8\xa7\xec\xae{\xf5\xb3\xf96c\xa4\x97BCb\xe6\xb3\x9b\xa6;4\x95\xee/\xa1\xce\xcb1/2\xf5\xbc\xad/K\x8e\xea\xa2\xfd_\x08\x02\x05\x02\x9d\x8a\xf3\xd6\xf3\xbe7L.4|g\x16\xfa9\\\xd4\xfc\x9a\xec\xe4hI\xa5[\xcf\xeas\xfe\x7fV\xbb\xb3hz&lt;\xba\xd6e\x82-\xca\xf6\xf8\x178\xfaz5\xa5s\xe4\xbb\x86K\x1f\x1d\xe0d\xcc\xd5\x0b,Gdm\x95\xb6\x81\xc8\xa4m\x9d\x84n|\x84D\xc5U\xc9\xd2Ms\x9dS\x1c\xae\x89\x1e\x8f\xa1\x07\x954z\xc4\xa3e \xc2WB\xbb\xa7B\x17H\xf2%z%dc\xd0\x925\xd2V8\x99|\xd0\xbe\xc4\x8ad\x95u\xb3sjeEm\xb9\xde\x93\xa7\\\xe6\xbd\xa6\xcb\xadmM\x03z\xe9m\xb1\xdc\xee\xca\x0b\xf0\xc1\xdf\x9d\xdb\x98vb:7fi}?\x8e\xa0\xbb\xe6\x00U\x9693\xd6Hf\xcd\xab\x9a\xe4\xf7\xb3\xbc\xae\xae#c\x13s\xb7\r\xacisy5\xa9F\xb4\x9d\x18]\xdd\xe6\xfaj\xe9\xb1\x80c-\xa9\xb1\x80&amp;\x0e\xef\xc8\xbd\x1b\xc9\xea\xd8\x8e\xc4?%\xdf\x1cs2\x9aD\xd9c\xd0\x8d\xb2\x97\xac+#s5\x1c\x93d\x15\xb2\x15\x1c*9jUrT\xa8\xab\x01\xc2\xd6U\\\xea\x98\xafX"\xb9\xf51\xceY4T\x90\r\xb4\xbc\x89I\x126\xa6wSe\xe3@\xa4\xe2\xeb\xebH\x8b\x03\x1d\xa4\xac\xad\x93Z\xd7t\xb2DW\x8eX\xe8k\xac%\xa1\xb3E&gt;\xb0\xd9\xeeG\xebs#\x12\x1dU#\xd9\xcb\xf3z\x1d\xb3\xcfMGh\xec]o\xbe\xf0$E:p\xaf$re\xb3\xf34\xf2\xaa\xf3\xfa\x8c\xe0&lt;\xedz9\xba\\][\x1c\x7fG\xc8Q\x85c\x7f\x9b\xe8\xcbFy\xaf\xe7y\xf1z^~\xb3\x15\xbc\x1e\xba\xd1\x87bYi\xaf]?=\xbf\xf3~\x84Q\xcb\x0f\x83\xd4\x8dp\xb3\x1c\x89%D$\x0ejP\x16H\xe6\xba\x0fQ\xd4\n&gt;\xb2\x8a\xe5\xac \xab\x07&gt;4\x84\xc5J\x9aW]\xbc\xfe/e;j\xfeaO\xbb\x1fU\xa9\xce\xde\x9b\xe8\xd3\x87\x9c\xea\xa6\x86\x9f\x9b\xf4\x1d\xd8\xf6\x1c\x97K.\x95\xe1,n\xa6\xf9q\xfb\xda:V\xa6|x\xb6\xb1\xb6\xeb\xe2\x83\x83\xaf\xa6\xd1\xe4\xef\xf1\xe9\xd4\\\xe0\xb0&amp;=\xa2O\x06\xedh\xf5}\x7f3\xdd\xd6\x9dM\xceV\xe7\x7f&gt;\xe6r\xe8z\xfc\xb9l\xd8\x82\x97\xc4\xc9\xe9\x0f\'\xaf\x96r\xd6\xf9\x1fOGO\x9d\xb7\xea\xe3\xd7\xcf\x85\xb1\xf7^\x0b^\xc7\xec\x7f5\xd2`\xd6\xbc\'\x9d\xfa\xe7\x8b\xf0\xcf\xa2\xe7:\xc5v\xc4\xb7\xa5\x81\x9c\xef\xe2nsr\xce\x9a\x85\xfd\xa9\xd6\xbe\xaa\xc3\x95\xed9\xfd\xbbE\x18,g\xe7\xa5\xfb\xdc\xadL\xa7\xd2\n7~G\xd3F\xc9\x1f\x16\xc0\xc4\xb5\xa5\x18\xa9p\x8b\x04r\xac#r\x81#_Xr\x0c\xac\xbd\xd5`\xd2\xb7\xd9\xc9\xe7\xf7S\xae\xc7\xc5\xa7\xe9\xf3\xf4\xf9:]\xe7\xa9\xcb\xe7\xb7\xf5itS&amp;\xc5\xcc\xf9\xad\x1b\xbc\x0fFfs\x9d\x86oFV\xba\n=M/Sv\xaev;_\xe2\xfa\xccX\x8b[\xbc\xefDq\xf7g\xd5\x98\xdf\xe5\xbaN!n\xb6\x8d~\xe3jc\xe5t\xd5\xf4\xcf\x9b\xd4\xd7\x9b\x9f^\x06\xbe\xed\x1f#\xae\x8fS\x93\xc4\xf3i\xed\x93x\xce\xff\x00\x1e\x9e\xaf\xbf\xe5\x1d/_?cG;S\xdc\xe5\x83\x0b{\x99\xf3z\xa2\x1e\xff\x00\x99\xf4uv9\xce\x83\xec&lt;\x9bOc\xfe\x83\x81\xd5\xac\xb1_*\xf3\xdfB\xa3\xe5t\xe7t\x14nmL\xeaZQ\xa7W\x8b\xe8p\xea\xcem\xbcxt\x1a\xbc_{js\x96kkD\xc1SZ\x1a\xdf\x94\xc1\xdf\xcf\xe8\xcb'... (set the log level to DEBUG or TRACE to see the full content) 
 </msg>
<msg timestamp="20200813 19:39:32.585" level="INFO">POST Response : url=http://ninjachef-api-qaninja-io.umbler.net/products 
 status=200, reason=OK 
 body={"_id":"5f35be6dfbba920016c6bbde","user":"5f357ba7fbba920016c6bbc1","thumbnail":"thumbnail-1597357677049","name":"Hamburguer Vegano","plate":"Kind","price":23,"__v":0,"thumbnail_url":"http://ninjachef-api-qaninja-io.umbler.net/files/thumbnail-1597357677049","id":"5f35be6dfbba920016c6bbde"} 
 </msg>
<msg timestamp="20200813 19:39:32.586" level="INFO">${resp} = &lt;Response [200]&gt;</msg>
<status status="PASS" starttime="20200813 19:39:31.738" endtime="20200813 19:39:32.586"></status>
</kw>
<kw name="Status Should Be" library="RequestsLibrary">
<doc>Fails if response status code is different than the expected.</doc>
<arguments>
<arg>200</arg>
<arg>${resp}</arg>
</arguments>
<status status="PASS" starttime="20200813 19:39:32.586" endtime="20200813 19:39:32.588"></status>
</kw>
<kw name="Convert To String" library="BuiltIn">
<doc>Converts the given item to a Unicode string.</doc>
<arguments>
<arg>${resp.json()['_id']}</arg>
</arguments>
<assign>
<var>${produto_id}</var>
</assign>
<msg timestamp="20200813 19:39:32.591" level="INFO">${produto_id} = 5f35be6dfbba920016c6bbde</msg>
<status status="PASS" starttime="20200813 19:39:32.589" endtime="20200813 19:39:32.591"></status>
</kw>
<kw name="Set Test Variable" library="BuiltIn">
<doc>Makes a variable available everywhere within the scope of the current test.</doc>
<arguments>
<arg>${produto_id}</arg>
</arguments>
<msg timestamp="20200813 19:39:32.594" level="INFO">${produto_id} = 5f35be6dfbba920016c6bbde</msg>
<status status="PASS" starttime="20200813 19:39:32.591" endtime="20200813 19:39:32.595"></status>
</kw>
<kw name="Go To" library="SeleniumLibrary">
<doc>Navigates the current browser window to the provided ``url``.</doc>
<arguments>
<arg>${base_url}</arg>
</arguments>
<msg timestamp="20200813 19:39:32.598" level="INFO">Opening url 'http://ninjachef-qaninja-io.umbler.net/'</msg>
<status status="PASS" starttime="20200813 19:39:32.596" endtime="20200813 19:39:39.979"></status>
</kw>
<kw name="Input Text" library="SeleniumLibrary">
<doc>Types the given ``text`` into the text field identified by ``locator``.</doc>
<arguments>
<arg>${CAMPO_EMAIL}</arg>
<arg>${email_cozinheiro}</arg>
</arguments>
<msg timestamp="20200813 19:39:39.981" level="INFO">Typing text 'cozinheiro@gmail.com' into text field 'id:email'.</msg>
<status status="PASS" starttime="20200813 19:39:39.980" endtime="20200813 19:39:40.598"></status>
</kw>
<kw name="Click Element" library="SeleniumLibrary">
<doc>Click the element identified by ``locator``.</doc>
<arguments>
<arg>${BOTAO_ENTRAR}</arg>
</arguments>
<msg timestamp="20200813 19:39:40.599" level="INFO">Clicking element 'css:button[type=submit]'.</msg>
<status status="PASS" starttime="20200813 19:39:40.598" endtime="20200813 19:39:40.689"></status>
</kw>
<kw name="Wait Until Page Contains Element" library="SeleniumLibrary">
<doc>Waits until the element ``locator`` appears on the current page.</doc>
<arguments>
<arg>${DIV_DASH}</arg>
</arguments>
<status status="PASS" starttime="20200813 19:39:40.689" endtime="20200813 19:39:41.436"></status>
</kw>
<status status="PASS" starttime="20200813 19:39:31.664" endtime="20200813 19:39:41.437"></status>
</kw>
<kw name="Quando o cliente solicita o preparo dos meus pratos">
<kw name="Create Dictionary" library="BuiltIn">
<doc>Creates and returns a dictionary based on the given ``items``.</doc>
<arguments>
<arg>Content-Type=application/json</arg>
<arg>user_id=${token_cliente}</arg>
</arguments>
<assign>
<var>&amp;{headers}</var>
</assign>
<msg timestamp="20200813 19:39:41.441" level="INFO">&amp;{headers} = { Content-Type=application/json | user_id=5f358330fbba920016c6bbc3 }</msg>
<status status="PASS" starttime="20200813 19:39:41.440" endtime="20200813 19:39:41.441"></status>
</kw>
<kw name="Create Dictionary" library="BuiltIn">
<doc>Creates and returns a dictionary based on the given ``items``.</doc>
<arguments>
<arg>payment=Dinheiro</arg>
</arguments>
<assign>
<var>&amp;{payload}</var>
</assign>
<msg timestamp="20200813 19:39:41.441" level="INFO">&amp;{payload} = { payment=Dinheiro }</msg>
<status status="PASS" starttime="20200813 19:39:41.441" endtime="20200813 19:39:41.441"></status>
</kw>
<kw name="Create Session" library="RequestsLibrary">
<doc>Create Session: create a HTTP session to a server</doc>
<arguments>
<arg>api</arg>
<arg>http://ninjachef-api-qaninja-io.umbler.net</arg>
</arguments>
<msg timestamp="20200813 19:39:41.442" level="INFO">Creating Session using : alias=api, url=http://ninjachef-api-qaninja-io.umbler.net, headers={},                     cookies={}, auth=None, timeout=None, proxies=None, verify=False,                     debug=0 </msg>
<status status="PASS" starttime="20200813 19:39:41.442" endtime="20200813 19:39:41.442"></status>
</kw>
<kw name="Post Request" library="RequestsLibrary">
<doc>Send a POST request on the session object found using the
given `alias`</doc>
<arguments>
<arg>api</arg>
<arg>/products/${produto_id}/orders</arg>
<arg>data=${payload}</arg>
<arg>headers=${headers}</arg>
</arguments>
<assign>
<var>${resp}</var>
</assign>
<msg timestamp="20200813 19:39:42.012" level="INFO">POST Request : url=http://ninjachef-api-qaninja-io.umbler.net/products/5f35be6dfbba920016c6bbde/orders 
 path_url=/products/5f35be6dfbba920016c6bbde/orders 
 headers={'User-Agent': 'python-requests/2.24.0', 'Accept-Encoding': 'gzip, deflate', 'Accept': '*/*', 'Connection': 'keep-alive', 'Content-Type': 'application/json', 'user_id': '5f358330fbba920016c6bbc3', 'Content-Length': '23'} 
 body={"payment": "Dinheiro"} 
 </msg>
<msg timestamp="20200813 19:39:42.012" level="INFO">POST Response : url=http://ninjachef-api-qaninja-io.umbler.net/products/5f35be6dfbba920016c6bbde/orders 
 status=200, reason=OK 
 body={"_id":"5f35be76fbba920016c6bbdf","user":{"_id":"5f358330fbba920016c6bbc3","email":"cliente@gmail.com","__v":0},"product":{"_id":"5f35be6dfbba920016c6bbde","user":"5f357ba7fbba920016c6bbc1","thumbnail":"thumbnail-1597357677049","name":"Hamburguer Vegano","plate":"Kind","price":23,"__v":0,"thumbnail_url":"http://ninjachef-api-qaninja-io.umbler.net/files/thumbnail-1597357677049","id":"5f35be6dfbba920016c6bbde"},"payment":"Dinheiro","__v":0} 
 </msg>
<msg timestamp="20200813 19:39:42.012" level="INFO">${resp} = &lt;Response [200]&gt;</msg>
<status status="PASS" starttime="20200813 19:39:41.442" endtime="20200813 19:39:42.012"></status>
</kw>
<kw name="Status Should Be" library="RequestsLibrary">
<doc>Fails if response status code is different than the expected.</doc>
<arguments>
<arg>200</arg>
<arg>${resp}</arg>
</arguments>
<status status="PASS" starttime="20200813 19:39:42.013" endtime="20200813 19:39:42.013"></status>
</kw>
<status status="PASS" starttime="20200813 19:39:41.439" endtime="20200813 19:39:42.014"></status>
</kw>
<kw name="Então devo receber uma notificação de pedido">
<kw name="Convert To String" library="BuiltIn">
<doc>Converts the given item to a Unicode string.</doc>
<arguments>
<arg>${email_cliente} está solicitando o preparo do seguinte prato: ${produto}</arg>
</arguments>
<assign>
<var>${mensagem_esperada}</var>
</assign>
<msg timestamp="20200813 19:39:42.017" level="INFO">${mensagem_esperada} = cliente@gmail.com está solicitando o preparo do seguinte prato: Hamburguer Vegano</msg>
<status status="PASS" starttime="20200813 19:39:42.016" endtime="20200813 19:39:42.017"></status>
</kw>
<kw name="Wait Until Page Contains" library="SeleniumLibrary">
<doc>Waits until ``text`` appears on the current page.</doc>
<arguments>
<arg>${mensagem_esperada}</arg>
<arg>10</arg>
</arguments>
<status status="PASS" starttime="20200813 19:39:42.018" endtime="20200813 19:39:42.061"></status>
</kw>
<status status="PASS" starttime="20200813 19:39:42.015" endtime="20200813 19:39:42.061"></status>
</kw>
<kw name="E posso aceitar ou rejeitar o pedido">
<kw name="Wait Until Page Contains" library="SeleniumLibrary">
<doc>Waits until ``text`` appears on the current page.</doc>
<arguments>
<arg>ACEITAR</arg>
<arg>5</arg>
</arguments>
<status status="PASS" starttime="20200813 19:39:42.063" endtime="20200813 19:39:42.084"></status>
</kw>
<kw name="Wait Until Page Contains" library="SeleniumLibrary">
<doc>Waits until ``text`` appears on the current page.</doc>
<arguments>
<arg>REJEITAR</arg>
<arg>5</arg>
</arguments>
<status status="PASS" starttime="20200813 19:39:42.085" endtime="20200813 19:39:42.106"></status>
</kw>
<status status="PASS" starttime="20200813 19:39:42.062" endtime="20200813 19:39:42.106"></status>
</kw>
<kw name="Close Session" library="base" type="teardown">
<kw name="Capture Page Screenshot" library="SeleniumLibrary">
<doc>Takes a screenshot of the current page and embeds it into a log file.</doc>
<msg timestamp="20200813 19:39:42.711" level="INFO" html="yes">&lt;/td&gt;&lt;/tr&gt;&lt;tr&gt;&lt;td colspan="3"&gt;&lt;a href="selenium-screenshot-5.png"&gt;&lt;img src="selenium-screenshot-5.png" width="800px"&gt;&lt;/a&gt;</msg>
<status status="PASS" starttime="20200813 19:39:42.108" endtime="20200813 19:39:42.711"></status>
</kw>
<kw name="Close Browser" library="SeleniumLibrary">
<doc>Closes the current browser.</doc>
<status status="PASS" starttime="20200813 19:39:42.711" endtime="20200813 19:39:45.039"></status>
</kw>
<status status="PASS" starttime="20200813 19:39:42.107" endtime="20200813 19:39:45.039"></status>
</kw>
<status status="PASS" starttime="20200813 19:39:27.098" endtime="20200813 19:39:45.040" critical="yes"></status>
</test>
<doc>Receber Pedidos
Sendo um cozinheiro que possui produtos no dashboard
Quero receber solicitação de preparo dos pratos
Para que eu possa enviá-los aos clientes</doc>
<status status="PASS" starttime="20200813 19:39:23.523" endtime="20200813 19:39:45.060"></status>
</suite>
<statistics>
<total>
<stat pass="1" fail="0">Critical Tests</stat>
<stat pass="1" fail="0">All Tests</stat>
</total>
<tag>
</tag>
<suite>
<stat pass="1" fail="0" id="s1" name="Receber-Pedidos">Receber-Pedidos</stat>
</suite>
</statistics>
<errors>
</errors>
</robot>
