<?xml version="1.0" encoding="UTF-8"?>
<robot generator="Robot 3.2.1 (Python 3.8.5 on win32)" generated="20200729 16:03:38.199" rpa="false">
<suite id="s1" name="Testes" source="c:\roboweek\ninjachef\testes">
<suite id="s1-s1" name="Cadastro-Usuario" source="c:\roboweek\ninjachef\testes\cadastro-usuario.robot">
<test id="s1-s1-t1" name="Cadastro Simples">
<kw name="Open Session" library="base" type="setup">
<kw name="Open Browser" library="SeleniumLibrary">
<doc>Opens a new browser instance to the optional ``url``.</doc>
<arguments>
<arg>about:blank</arg>
<arg>chrome</arg>
</arguments>
<msg timestamp="20200729 16:03:38.545" level="INFO">Opening browser 'chrome' to base url 'about:blank'.</msg>
<status status="PASS" starttime="20200729 16:03:38.545" endtime="20200729 16:03:41.934"></status>
</kw>
<status status="PASS" starttime="20200729 16:03:38.544" endtime="20200729 16:03:41.935"></status>
</kw>
<kw name="Dado que acesso a pagina inicial" library="kws">
<kw name="Go To" library="SeleniumLibrary">
<doc>Navigates the current browser window to the provided ``url``.</doc>
<arguments>
<arg>${base_url}</arg>
</arguments>
<msg timestamp="20200729 16:03:41.937" level="INFO">Opening url 'http://ninjachef-qaninja-io.umbler.net/'</msg>
<status status="PASS" starttime="20200729 16:03:41.937" endtime="20200729 16:03:44.003"></status>
</kw>
<status status="PASS" starttime="20200729 16:03:41.936" endtime="20200729 16:03:44.003"></status>
</kw>
<kw name="Quando submeto o email &quot;dudutorres00@outlook.com&quot;" library="kws">
<kw name="Input Text" library="SeleniumLibrary">
<doc>Types the given ``text`` into the text field identified by ``locator``.</doc>
<arguments>
<arg>${CAMPO_EMAIL}</arg>
<arg>${email}</arg>
</arguments>
<msg timestamp="20200729 16:03:44.007" level="INFO">Typing text 'dudutorres00@outlook.com' into text field 'id:email'.</msg>
<status status="PASS" starttime="20200729 16:03:44.006" endtime="20200729 16:03:44.234"></status>
</kw>
<kw name="Click Element" library="SeleniumLibrary">
<doc>Click the element identified by ``locator``.</doc>
<arguments>
<arg>${BOTAO_ENTRAR}</arg>
</arguments>
<msg timestamp="20200729 16:03:44.235" level="INFO">Clicking element 'css:button[type=submit]'.</msg>
<status status="PASS" starttime="20200729 16:03:44.235" endtime="20200729 16:03:44.296"></status>
</kw>
<status status="PASS" starttime="20200729 16:03:44.005" endtime="20200729 16:03:44.297"></status>
</kw>
<kw name="Devo ser autenticado" library="kws">
<kw name="Wait Until Page Contains Element" library="SeleniumLibrary">
<doc>Waits until the element ``locator`` appears on the current page.</doc>
<arguments>
<arg>${DIV_DASH}</arg>
</arguments>
<status status="PASS" starttime="20200729 16:03:44.298" endtime="20200729 16:03:44.771"></status>
</kw>
<status status="PASS" starttime="20200729 16:03:44.297" endtime="20200729 16:03:44.771"></status>
</kw>
<kw name="Close Session" library="base" type="teardown">
<kw name="Close Browser" library="SeleniumLibrary">
<doc>Closes the current browser.</doc>
<status status="PASS" starttime="20200729 16:03:44.772" endtime="20200729 16:03:46.961"></status>
</kw>
<status status="PASS" starttime="20200729 16:03:44.772" endtime="20200729 16:03:46.961"></status>
</kw>
<status status="PASS" starttime="20200729 16:03:38.543" endtime="20200729 16:03:46.963" critical="yes"></status>
</test>
<test id="s1-s1-t2" name="Email Incorreto">
<kw name="Open Session" library="base" type="setup">
<kw name="Open Browser" library="SeleniumLibrary">
<doc>Opens a new browser instance to the optional ``url``.</doc>
<arguments>
<arg>about:blank</arg>
<arg>chrome</arg>
</arguments>
<msg timestamp="20200729 16:03:46.973" level="INFO">Opening browser 'chrome' to base url 'about:blank'.</msg>
<status status="PASS" starttime="20200729 16:03:46.972" endtime="20200729 16:03:50.363"></status>
</kw>
<status status="PASS" starttime="20200729 16:03:46.971" endtime="20200729 16:03:50.364"></status>
</kw>
<kw name="Dado que acesso a pagina inicial" library="kws">
<kw name="Go To" library="SeleniumLibrary">
<doc>Navigates the current browser window to the provided ``url``.</doc>
<arguments>
<arg>${base_url}</arg>
</arguments>
<msg timestamp="20200729 16:03:50.366" level="INFO">Opening url 'http://ninjachef-qaninja-io.umbler.net/'</msg>
<status status="PASS" starttime="20200729 16:03:50.365" endtime="20200729 16:03:52.099"></status>
</kw>
<status status="PASS" starttime="20200729 16:03:50.365" endtime="20200729 16:03:52.100"></status>
</kw>
<kw name="Quando submeto o email &quot;dudutorroutlook.com&quot;" library="kws">
<kw name="Input Text" library="SeleniumLibrary">
<doc>Types the given ``text`` into the text field identified by ``locator``.</doc>
<arguments>
<arg>${CAMPO_EMAIL}</arg>
<arg>${email}</arg>
</arguments>
<msg timestamp="20200729 16:03:52.103" level="INFO">Typing text 'dudutorroutlook.com' into text field 'id:email'.</msg>
<status status="PASS" starttime="20200729 16:03:52.102" endtime="20200729 16:03:52.336"></status>
</kw>
<kw name="Click Element" library="SeleniumLibrary">
<doc>Click the element identified by ``locator``.</doc>
<arguments>
<arg>${BOTAO_ENTRAR}</arg>
</arguments>
<msg timestamp="20200729 16:03:52.336" level="INFO">Clicking element 'css:button[type=submit]'.</msg>
<status status="PASS" starttime="20200729 16:03:52.336" endtime="20200729 16:03:52.407"></status>
</kw>
<status status="PASS" starttime="20200729 16:03:52.101" endtime="20200729 16:03:52.408"></status>
</kw>
<kw name="Então devo ver a mensagem &quot;Oops. Informe um email válido!&quot;" library="kws">
<kw name="Wait Until Element Contains" library="SeleniumLibrary">
<doc>Waits until the element ``locator`` contains ``text``.</doc>
<arguments>
<arg>${DIV_ALERT}</arg>
<arg>${expect_message}</arg>
</arguments>
<status status="PASS" starttime="20200729 16:03:52.410" endtime="20200729 16:03:52.441"></status>
</kw>
<status status="PASS" starttime="20200729 16:03:52.409" endtime="20200729 16:03:52.441"></status>
</kw>
<kw name="Close Session" library="base" type="teardown">
<kw name="Close Browser" library="SeleniumLibrary">
<doc>Closes the current browser.</doc>
<status status="PASS" starttime="20200729 16:03:52.442" endtime="20200729 16:03:54.630"></status>
</kw>
<status status="PASS" starttime="20200729 16:03:52.442" endtime="20200729 16:03:54.631"></status>
</kw>
<status status="PASS" starttime="20200729 16:03:46.967" endtime="20200729 16:03:54.632" critical="yes"></status>
</test>
<test id="s1-s1-t3" name="Email não informado">
<kw name="Open Session" library="base" type="setup">
<kw name="Open Browser" library="SeleniumLibrary">
<doc>Opens a new browser instance to the optional ``url``.</doc>
<arguments>
<arg>about:blank</arg>
<arg>chrome</arg>
</arguments>
<msg timestamp="20200729 16:03:54.643" level="INFO">Opening browser 'chrome' to base url 'about:blank'.</msg>
<status status="PASS" starttime="20200729 16:03:54.642" endtime="20200729 16:03:58.429"></status>
</kw>
<status status="PASS" starttime="20200729 16:03:54.641" endtime="20200729 16:03:58.429"></status>
</kw>
<kw name="Dado que acesso a pagina inicial" library="kws">
<kw name="Go To" library="SeleniumLibrary">
<doc>Navigates the current browser window to the provided ``url``.</doc>
<arguments>
<arg>${base_url}</arg>
</arguments>
<msg timestamp="20200729 16:03:58.431" level="INFO">Opening url 'http://ninjachef-qaninja-io.umbler.net/'</msg>
<status status="PASS" starttime="20200729 16:03:58.430" endtime="20200729 16:03:59.921"></status>
</kw>
<status status="PASS" starttime="20200729 16:03:58.430" endtime="20200729 16:03:59.922"></status>
</kw>
<kw name="Quando submeto o email &quot;${EMPTY}&quot;" library="kws">
<kw name="Input Text" library="SeleniumLibrary">
<doc>Types the given ``text`` into the text field identified by ``locator``.</doc>
<arguments>
<arg>${CAMPO_EMAIL}</arg>
<arg>${email}</arg>
</arguments>
<msg timestamp="20200729 16:03:59.925" level="INFO">Typing text '' into text field 'id:email'.</msg>
<status status="PASS" starttime="20200729 16:03:59.924" endtime="20200729 16:04:00.034"></status>
</kw>
<kw name="Click Element" library="SeleniumLibrary">
<doc>Click the element identified by ``locator``.</doc>
<arguments>
<arg>${BOTAO_ENTRAR}</arg>
</arguments>
<msg timestamp="20200729 16:04:00.035" level="INFO">Clicking element 'css:button[type=submit]'.</msg>
<status status="PASS" starttime="20200729 16:04:00.035" endtime="20200729 16:04:00.101"></status>
</kw>
<status status="PASS" starttime="20200729 16:03:59.923" endtime="20200729 16:04:00.102"></status>
</kw>
<kw name="Então devo ver a mensagem &quot;Oops. Informe um email válido!&quot;" library="kws">
<kw name="Wait Until Element Contains" library="SeleniumLibrary">
<doc>Waits until the element ``locator`` contains ``text``.</doc>
<arguments>
<arg>${DIV_ALERT}</arg>
<arg>${expect_message}</arg>
</arguments>
<status status="PASS" starttime="20200729 16:04:00.103" endtime="20200729 16:04:00.133"></status>
</kw>
<status status="PASS" starttime="20200729 16:04:00.103" endtime="20200729 16:04:00.133"></status>
</kw>
<kw name="Close Session" library="base" type="teardown">
<kw name="Close Browser" library="SeleniumLibrary">
<doc>Closes the current browser.</doc>
<status status="PASS" starttime="20200729 16:04:00.134" endtime="20200729 16:04:02.309"></status>
</kw>
<status status="PASS" starttime="20200729 16:04:00.134" endtime="20200729 16:04:02.310"></status>
</kw>
<status status="PASS" starttime="20200729 16:03:54.638" endtime="20200729 16:04:02.311" critical="yes"></status>
</test>
<doc>Suite dos testes de cadastro</doc>
<status status="PASS" starttime="20200729 16:03:38.238" endtime="20200729 16:04:02.319"></status>
</suite>
<suite id="s1-s2" name="Produtos" source="c:\roboweek\ninjachef\testes\produtos.robot">
<test id="s1-s2-t1" name="Novo Prato">
<kw name="Login Session" library="helpers" type="setup">
<arguments>
<arg>dudutorres00@outlook.com</arg>
</arguments>
<kw name="Open Session" library="base">
<kw name="Open Browser" library="SeleniumLibrary">
<doc>Opens a new browser instance to the optional ``url``.</doc>
<arguments>
<arg>about:blank</arg>
<arg>chrome</arg>
</arguments>
<msg timestamp="20200729 16:04:02.360" level="INFO">Opening browser 'chrome' to base url 'about:blank'.</msg>
<status status="PASS" starttime="20200729 16:04:02.360" endtime="20200729 16:04:05.671"></status>
</kw>
<status status="PASS" starttime="20200729 16:04:02.360" endtime="20200729 16:04:05.672"></status>
</kw>
<kw name="Go To" library="SeleniumLibrary">
<doc>Navigates the current browser window to the provided ``url``.</doc>
<arguments>
<arg>${base_url}</arg>
</arguments>
<msg timestamp="20200729 16:04:05.672" level="INFO">Opening url 'http://ninjachef-qaninja-io.umbler.net/'</msg>
<status status="PASS" starttime="20200729 16:04:05.672" endtime="20200729 16:04:09.128"></status>
</kw>
<kw name="Input Text" library="SeleniumLibrary">
<doc>Types the given ``text`` into the text field identified by ``locator``.</doc>
<arguments>
<arg>${CAMPO_EMAIL}</arg>
<arg>${email}</arg>
</arguments>
<msg timestamp="20200729 16:04:09.131" level="INFO">Typing text 'dudutorres00@outlook.com' into text field 'id:email'.</msg>
<status status="PASS" starttime="20200729 16:04:09.129" endtime="20200729 16:04:09.373"></status>
</kw>
<kw name="Click Element" library="SeleniumLibrary">
<doc>Click the element identified by ``locator``.</doc>
<arguments>
<arg>${BOTAO_ENTRAR}</arg>
</arguments>
<msg timestamp="20200729 16:04:09.373" level="INFO">Clicking element 'css:button[type=submit]'.</msg>
<status status="PASS" starttime="20200729 16:04:09.373" endtime="20200729 16:04:09.438"></status>
</kw>
<kw name="Wait Until Page Contains Element" library="SeleniumLibrary">
<doc>Waits until the element ``locator`` appears on the current page.</doc>
<arguments>
<arg>${DIV_DASH}</arg>
</arguments>
<status status="PASS" starttime="20200729 16:04:09.438" endtime="20200729 16:04:09.889"></status>
</kw>
<status status="PASS" starttime="20200729 16:04:02.359" endtime="20200729 16:04:09.889"></status>
</kw>
<kw name="Dado que &quot;${lasanha}&quot; é um prato" library="kws">
<kw name="Set Test Variable" library="BuiltIn">
<doc>Makes a variable available everywhere within the scope of the current test.</doc>
<arguments>
<arg>${produto}</arg>
</arguments>
<msg timestamp="20200729 16:04:09.892" level="INFO">${produto} = {'img': 'lasanha.jpg', 'nome': 'lasanha', 'tipo': ' Massas', 'preco': ' 45.00'}</msg>
<status status="PASS" starttime="20200729 16:04:09.891" endtime="20200729 16:04:09.892"></status>
</kw>
<status status="PASS" starttime="20200729 16:04:09.890" endtime="20200729 16:04:09.892"></status>
</kw>
<kw name="Quando faço o cadastro do item" library="kws">
<kw name="Wait Until Element Is Visible" library="SeleniumLibrary">
<doc>Waits until the element ``locator`` is visible.</doc>
<arguments>
<arg>${BOTAO_ADD}</arg>
<arg>5</arg>
</arguments>
<status status="PASS" starttime="20200729 16:04:09.893" endtime="20200729 16:04:10.141"></status>
</kw>
<kw name="Click Element" library="SeleniumLibrary">
<doc>Click the element identified by ``locator``.</doc>
<arguments>
<arg>${BOTAO_ADD}</arg>
</arguments>
<msg timestamp="20200729 16:04:10.142" level="INFO">Clicking element 'class:btn-add'.</msg>
<status status="PASS" starttime="20200729 16:04:10.141" endtime="20200729 16:04:10.215"></status>
</kw>
<kw name="Choose File" library="SeleniumLibrary">
<doc>Inputs the ``file_path`` into the file input field ``locator``.</doc>
<arguments>
<arg>${ANEXO_FOTO}</arg>
<arg>${EXECDIR}/resources/images/${produto['img']}</arg>
</arguments>
<msg timestamp="20200729 16:04:10.217" level="INFO">Sending c:\roboweek\ninjachef\resources\images\lasanha.jpg to browser.</msg>
<status status="PASS" starttime="20200729 16:04:10.216" endtime="20200729 16:04:10.300"></status>
</kw>
<kw name="Input Text" library="SeleniumLibrary">
<doc>Types the given ``text`` into the text field identified by ``locator``.</doc>
<arguments>
<arg>${CAMPO_NOME}</arg>
<arg>${produto['nome']}</arg>
</arguments>
<msg timestamp="20200729 16:04:10.302" level="INFO">Typing text 'lasanha' into text field 'id:name'.</msg>
<status status="PASS" starttime="20200729 16:04:10.301" endtime="20200729 16:04:10.432"></status>
</kw>
<kw name="Input Text" library="SeleniumLibrary">
<doc>Types the given ``text`` into the text field identified by ``locator``.</doc>
<arguments>
<arg>${CAMPO_TIPO}</arg>
<arg>${produto['tipo']}</arg>
</arguments>
<msg timestamp="20200729 16:04:10.433" level="INFO">Typing text ' Massas' into text field 'id:plate'.</msg>
<status status="PASS" starttime="20200729 16:04:10.432" endtime="20200729 16:04:10.550"></status>
</kw>
<kw name="Input Text" library="SeleniumLibrary">
<doc>Types the given ``text`` into the text field identified by ``locator``.</doc>
<arguments>
<arg>${CAMPO_PRECO}</arg>
<arg>${produto['preco']}</arg>
</arguments>
<msg timestamp="20200729 16:04:10.550" level="INFO">Typing text ' 45.00' into text field 'id:price'.</msg>
<status status="PASS" starttime="20200729 16:04:10.550" endtime="20200729 16:04:10.660"></status>
</kw>
<kw name="Click Element" library="SeleniumLibrary">
<doc>Click the element identified by ``locator``.</doc>
<arguments>
<arg>${BOTAO_CADASTRAR}</arg>
</arguments>
<msg timestamp="20200729 16:04:10.661" level="INFO">Clicking element 'class:btn-cadastrar'.</msg>
<status status="PASS" starttime="20200729 16:04:10.661" endtime="20200729 16:04:10.722"></status>
</kw>
<status status="PASS" starttime="20200729 16:04:09.893" endtime="20200729 16:04:10.723"></status>
</kw>
<kw name="Devo ver o item no dashboard" library="kws">
<kw name="Wait Until Element Contains" library="SeleniumLibrary">
<doc>Waits until the element ``locator`` contains ``text``.</doc>
<arguments>
<arg>${LISTA_PRODUTOS}</arg>
<arg>${produto['nome']}</arg>
</arguments>
<status status="PASS" starttime="20200729 16:04:10.724" endtime="20200729 16:04:11.689"></status>
</kw>
<status status="PASS" starttime="20200729 16:04:10.723" endtime="20200729 16:04:11.690"></status>
</kw>
<kw name="Dado que &quot;${bolinhoMacaxeira}&quot; é um prato" library="kws">
<kw name="Set Test Variable" library="BuiltIn">
<doc>Makes a variable available everywhere within the scope of the current test.</doc>
<arguments>
<arg>${produto}</arg>
</arguments>
<msg timestamp="20200729 16:04:11.694" level="INFO">${produto} = {'img': 'IMG_0891.jpg', 'nome': 'bolinho de macaxeira', 'tipo': ' Massas', 'preco': ' 17.00'}</msg>
<status status="PASS" starttime="20200729 16:04:11.693" endtime="20200729 16:04:11.694"></status>
</kw>
<status status="PASS" starttime="20200729 16:04:11.691" endtime="20200729 16:04:11.694"></status>
</kw>
<kw name="Quando faço o cadastro do item" library="kws">
<kw name="Wait Until Element Is Visible" library="SeleniumLibrary">
<doc>Waits until the element ``locator`` is visible.</doc>
<arguments>
<arg>${BOTAO_ADD}</arg>
<arg>5</arg>
</arguments>
<status status="PASS" starttime="20200729 16:04:11.697" endtime="20200729 16:04:11.729"></status>
</kw>
<kw name="Click Element" library="SeleniumLibrary">
<doc>Click the element identified by ``locator``.</doc>
<arguments>
<arg>${BOTAO_ADD}</arg>
</arguments>
<msg timestamp="20200729 16:04:11.730" level="INFO">Clicking element 'class:btn-add'.</msg>
<status status="PASS" starttime="20200729 16:04:11.729" endtime="20200729 16:04:11.806"></status>
</kw>
<kw name="Choose File" library="SeleniumLibrary">
<doc>Inputs the ``file_path`` into the file input field ``locator``.</doc>
<arguments>
<arg>${ANEXO_FOTO}</arg>
<arg>${EXECDIR}/resources/images/${produto['img']}</arg>
</arguments>
<msg timestamp="20200729 16:04:11.809" level="INFO">Sending c:\roboweek\ninjachef\resources\images\IMG_0891.jpg to browser.</msg>
<status status="PASS" starttime="20200729 16:04:11.806" endtime="20200729 16:04:11.862"></status>
</kw>
<kw name="Input Text" library="SeleniumLibrary">
<doc>Types the given ``text`` into the text field identified by ``locator``.</doc>
<arguments>
<arg>${CAMPO_NOME}</arg>
<arg>${produto['nome']}</arg>
</arguments>
<msg timestamp="20200729 16:04:11.864" level="INFO">Typing text 'bolinho de macaxeira' into text field 'id:name'.</msg>
<status status="PASS" starttime="20200729 16:04:11.862" endtime="20200729 16:04:12.005"></status>
</kw>
<kw name="Input Text" library="SeleniumLibrary">
<doc>Types the given ``text`` into the text field identified by ``locator``.</doc>
<arguments>
<arg>${CAMPO_TIPO}</arg>
<arg>${produto['tipo']}</arg>
</arguments>
<msg timestamp="20200729 16:04:12.005" level="INFO">Typing text ' Massas' into text field 'id:plate'.</msg>
<status status="PASS" starttime="20200729 16:04:12.005" endtime="20200729 16:04:12.117"></status>
</kw>
<kw name="Input Text" library="SeleniumLibrary">
<doc>Types the given ``text`` into the text field identified by ``locator``.</doc>
<arguments>
<arg>${CAMPO_PRECO}</arg>
<arg>${produto['preco']}</arg>
</arguments>
<msg timestamp="20200729 16:04:12.118" level="INFO">Typing text ' 17.00' into text field 'id:price'.</msg>
<status status="PASS" starttime="20200729 16:04:12.117" endtime="20200729 16:04:12.232"></status>
</kw>
<kw name="Click Element" library="SeleniumLibrary">
<doc>Click the element identified by ``locator``.</doc>
<arguments>
<arg>${BOTAO_CADASTRAR}</arg>
</arguments>
<msg timestamp="20200729 16:04:12.233" level="INFO">Clicking element 'class:btn-cadastrar'.</msg>
<status status="PASS" starttime="20200729 16:04:12.232" endtime="20200729 16:04:12.291"></status>
</kw>
<status status="PASS" starttime="20200729 16:04:11.696" endtime="20200729 16:04:12.292"></status>
</kw>
<kw name="Devo ver o item no dashboard" library="kws">
<kw name="Wait Until Element Contains" library="SeleniumLibrary">
<doc>Waits until the element ``locator`` contains ``text``.</doc>
<arguments>
<arg>${LISTA_PRODUTOS}</arg>
<arg>${produto['nome']}</arg>
</arguments>
<status status="PASS" starttime="20200729 16:04:12.294" endtime="20200729 16:04:13.279"></status>
</kw>
<status status="PASS" starttime="20200729 16:04:12.293" endtime="20200729 16:04:13.279"></status>
</kw>
<kw name="Close Session" library="base" type="teardown">
<kw name="Close Browser" library="SeleniumLibrary">
<doc>Closes the current browser.</doc>
<status status="PASS" starttime="20200729 16:04:13.283" endtime="20200729 16:04:15.458"></status>
</kw>
<status status="PASS" starttime="20200729 16:04:13.281" endtime="20200729 16:04:15.459"></status>
</kw>
<status status="PASS" starttime="20200729 16:04:02.358" endtime="20200729 16:04:15.460" critical="yes"></status>
</test>
<doc>Cadastro de Produtos (Pratos)</doc>
<status status="PASS" starttime="20200729 16:04:02.333" endtime="20200729 16:04:15.467"></status>
</suite>
<status status="PASS" starttime="20200729 16:03:38.201" endtime="20200729 16:04:15.482"></status>
</suite>
<statistics>
<total>
<stat pass="4" fail="0">Critical Tests</stat>
<stat pass="4" fail="0">All Tests</stat>
</total>
<tag>
</tag>
<suite>
<stat pass="4" fail="0" id="s1" name="Testes">Testes</stat>
<stat pass="3" fail="0" id="s1-s1" name="Cadastro-Usuario">Testes.Cadastro-Usuario</stat>
<stat pass="1" fail="0" id="s1-s2" name="Produtos">Testes.Produtos</stat>
</suite>
</statistics>
<errors>
</errors>
</robot>
