<?xml version="1.0" encoding="UTF-8"?>
<robot generator="Robot 3.2.1 (Python 3.8.5 on win32)" generated="20200811 20:50:52.072" rpa="false">
<suite id="s1" name="Login" source="c:\robot\ninjachef\mobile\testes\login.robot">
<test id="s1-t1" name="Accessing Menu">
<kw name="Open Session" library="base" type="setup">
<kw name="Open Application" library="AppiumLibrary">
<doc>Opens a new application to given Appium server.
Capabilities of appium server, Android and iOS,
Please check https://github.com/appium/appium/blob/master/docs/en/writing-running-appium/server-args.md
| *Option*            | *Man.* | *Description*     |
| remote_url          | Yes    | Appium server url |
| alias               | no     | alias             |</doc>
<arguments>
<arg>http://localhost:4723/wd/hub</arg>
<arg>automationName=UiAutomator2</arg>
<arg>platformName=Android</arg>
<arg>deviceName=Emulator</arg>
<arg>app=${EXECDIR}/app/ninjachef.apk</arg>
<arg>udid\t=emulator-5554</arg>
<arg>adbExecTimeout=100000</arg>
</arguments>
<status status="PASS" starttime="20200811 20:50:52.758" endtime="20200811 20:51:13.991"></status>
</kw>
<status status="PASS" starttime="20200811 20:50:52.755" endtime="20200811 20:51:13.992"></status>
</kw>
<kw name="Given that I desire eat &quot;Massas&quot;" library="kws">
<kw name="Set Test Variable" library="BuiltIn">
<doc>Makes a variable available everywhere within the scope of the current test.</doc>
<arguments>
<arg>${prato}</arg>
</arguments>
<msg timestamp="20200811 20:51:14.004" level="INFO">${prato} = Massas</msg>
<status status="PASS" starttime="20200811 20:51:14.002" endtime="20200811 20:51:14.004"></status>
</kw>
<status status="PASS" starttime="20200811 20:51:14.001" endtime="20200811 20:51:14.005"></status>
</kw>
<kw name="When I put my email &quot;eduardo@gmail.com&quot;" library="kws">
<kw name="Wait Until Page Contains" library="AppiumLibrary">
<doc>Waits until `text` appears on current page.</doc>
<arguments>
<arg>Buscar Prato</arg>
<arg>30</arg>
</arguments>
<status status="PASS" starttime="20200811 20:51:14.009" endtime="20200811 20:51:22.397"></status>
</kw>
<kw name="Input Text" library="AppiumLibrary">
<doc>Types the given `text` into text field identified by `locator`.</doc>
<arguments>
<arg>accessibility_id=emailInput</arg>
<arg>${email}</arg>
</arguments>
<msg timestamp="20200811 20:51:22.401" level="INFO">Typing text 'eduardo@gmail.com' into text field 'accessibility_id=emailInput'</msg>
<status status="PASS" starttime="20200811 20:51:22.397" endtime="20200811 20:51:22.641"></status>
</kw>
<kw name="Input Text" library="AppiumLibrary">
<doc>Types the given `text` into text field identified by `locator`.</doc>
<arguments>
<arg>accessibility_id=plateInput</arg>
<arg>${prato}</arg>
</arguments>
<msg timestamp="20200811 20:51:22.648" level="INFO">Typing text 'Massas' into text field 'accessibility_id=plateInput'</msg>
<status status="PASS" starttime="20200811 20:51:22.642" endtime="20200811 20:51:23.258"></status>
</kw>
<kw name="Click Text" library="AppiumLibrary">
<doc>Click text identified by ``text``.</doc>
<arguments>
<arg>Buscar Prato</arg>
</arguments>
<status status="PASS" starttime="20200811 20:51:23.259" endtime="20200811 20:51:24.168"></status>
</kw>
<status status="PASS" starttime="20200811 20:51:14.008" endtime="20200811 20:51:24.168"></status>
</kw>
<kw name="Then I Should see the choose plates" library="kws">
<kw name="Wait Until Page Contains" library="AppiumLibrary">
<doc>Waits until `text` appears on current page.</doc>
<arguments>
<arg>Fome de ${prato}</arg>
</arguments>
<status status="PASS" starttime="20200811 20:51:24.198" endtime="20200811 20:51:28.012"></status>
</kw>
<status status="PASS" starttime="20200811 20:51:24.196" endtime="20200811 20:51:28.013"></status>
</kw>
<kw name="Close Session" library="base" type="teardown">
<kw name="Close Application" library="AppiumLibrary">
<doc>Closes the current application and also close webdriver session.</doc>
<status status="PASS" starttime="20200811 20:51:28.015" endtime="20200811 20:51:29.899"></status>
</kw>
<status status="PASS" starttime="20200811 20:51:28.014" endtime="20200811 20:51:29.900"></status>
</kw>
<status status="PASS" starttime="20200811 20:50:52.753" endtime="20200811 20:51:29.903" critical="yes"></status>
</test>
<doc>Login Tests on NinjaChef Mobile</doc>
<status status="PASS" starttime="20200811 20:50:52.075" endtime="20200811 20:51:29.911"></status>
</suite>
<statistics>
<total>
<stat pass="1" fail="0">Critical Tests</stat>
<stat pass="1" fail="0">All Tests</stat>
</total>
<tag>
</tag>
<suite>
<stat pass="1" fail="0" id="s1" name="Login">Login</stat>
</suite>
</statistics>
<errors>
</errors>
</robot>
