<?xml version="1.0" encoding="UTF-8"?>
<robot generator="Robot 3.2.1 (Python 3.8.5 on win32)" generated="20200811 21:27:21.620" rpa="false">
<suite id="s1" name="Login" source="c:\robot\ninjachef\mobile\testes\login.robot">
<test id="s1-t1" name="Accessing Menu">
<kw name="Open Session" library="base" type="setup">
<kw name="Open Application" library="AppiumLibrary">
<doc>Opens a new application to given Appium server.
Capabilities of appium server, Android and iOS,
Please check https://github.com/appium/appium/blob/master/docs/en/writing-running-appium/server-args.md
| *Option*            | *Man.* | *Description*     |
| remote_url          | Yes    | Appium server url |
| alias               | no     | alias             |</doc>
<arguments>
<arg>http://localhost:4723/wd/hub</arg>
<arg>automationName=UiAutomator2</arg>
<arg>platformName=Android</arg>
<arg>deviceName=Emulator</arg>
<arg>app=${EXECDIR}/app/ninjachef.apk</arg>
<arg>udid\t=emulator-5554</arg>
<arg>adbExecTimeout=100000</arg>
</arguments>
<status status="PASS" starttime="20200811 21:27:22.128" endtime="20200811 21:27:45.048"></status>
</kw>
<status status="PASS" starttime="20200811 21:27:22.127" endtime="20200811 21:27:45.049"></status>
</kw>
<kw name="Given that I desire eat &quot;Massas&quot;" library="kws">
<kw name="Set Test Variable" library="BuiltIn">
<doc>Makes a variable available everywhere within the scope of the current test.</doc>
<arguments>
<arg>${prato}</arg>
</arguments>
<msg timestamp="20200811 21:27:45.052" level="INFO">${prato} = Massas</msg>
<status status="PASS" starttime="20200811 21:27:45.051" endtime="20200811 21:27:45.053"></status>
</kw>
<status status="PASS" starttime="20200811 21:27:45.050" endtime="20200811 21:27:45.053"></status>
</kw>
<kw name="When I put my email &quot;eduardo@gmail.com&quot;" library="kws">
<kw name="Wait Until Page Contains" library="AppiumLibrary">
<doc>Waits until `text` appears on current page.</doc>
<arguments>
<arg>Buscar Prato</arg>
<arg>30</arg>
</arguments>
<status status="PASS" starttime="20200811 21:27:45.055" endtime="20200811 21:27:52.817"></status>
</kw>
<kw name="Input Text" library="AppiumLibrary">
<doc>Types the given `text` into text field identified by `locator`.</doc>
<arguments>
<arg>accessibility_id=emailInput</arg>
<arg>${email}</arg>
</arguments>
<msg timestamp="20200811 21:27:52.818" level="INFO">Typing text 'eduardo@gmail.com' into text field 'accessibility_id=emailInput'</msg>
<status status="PASS" starttime="20200811 21:27:52.817" endtime="20200811 21:27:53.459"></status>
</kw>
<kw name="Input Text" library="AppiumLibrary">
<doc>Types the given `text` into text field identified by `locator`.</doc>
<arguments>
<arg>accessibility_id=plateInput</arg>
<arg>${prato}</arg>
</arguments>
<msg timestamp="20200811 21:27:53.462" level="INFO">Typing text 'Massas' into text field 'accessibility_id=plateInput'</msg>
<status status="PASS" starttime="20200811 21:27:53.459" endtime="20200811 21:27:54.551"></status>
</kw>
<kw name="Click Text" library="AppiumLibrary">
<doc>Click text identified by ``text``.</doc>
<arguments>
<arg>Buscar Prato</arg>
</arguments>
<status status="PASS" starttime="20200811 21:27:54.551" endtime="20200811 21:27:55.526"></status>
</kw>
<status status="PASS" starttime="20200811 21:27:45.054" endtime="20200811 21:27:55.527"></status>
</kw>
<kw name="Then I Should see the choose plates" library="kws">
<kw name="Wait Until Page Contains" library="AppiumLibrary">
<doc>Waits until `text` appears on current page.</doc>
<arguments>
<arg>Fome de ${prato}</arg>
</arguments>
<status status="PASS" starttime="20200811 21:27:55.530" endtime="20200811 21:27:58.273"></status>
</kw>
<status status="PASS" starttime="20200811 21:27:55.529" endtime="20200811 21:27:58.274"></status>
</kw>
<kw name="Close Session" library="base" type="teardown">
<kw name="Capture Page Screenshot" library="AppiumLibrary">
<doc>Takes a screenshot of the current page and embeds it into the log.</doc>
<msg timestamp="20200811 21:27:59.835" level="INFO" html="yes">&lt;/td&gt;&lt;/tr&gt;&lt;tr&gt;&lt;td colspan="3"&gt;&lt;a href="appium-screenshot-1.png"&gt;&lt;img src="appium-screenshot-1.png" width="800px"&gt;&lt;/a&gt;</msg>
<status status="PASS" starttime="20200811 21:27:58.277" endtime="20200811 21:27:59.835"></status>
</kw>
<kw name="Close Application" library="AppiumLibrary">
<doc>Closes the current application and also close webdriver session.</doc>
<status status="PASS" starttime="20200811 21:27:59.836" endtime="20200811 21:28:02.870"></status>
</kw>
<status status="PASS" starttime="20200811 21:27:58.276" endtime="20200811 21:28:02.870"></status>
</kw>
<status status="PASS" starttime="20200811 21:27:22.125" endtime="20200811 21:28:02.880" critical="yes"></status>
</test>
<doc>Login Tests on NinjaChef Mobile</doc>
<status status="PASS" starttime="20200811 21:27:21.623" endtime="20200811 21:28:02.919"></status>
</suite>
<statistics>
<total>
<stat pass="1" fail="0">Critical Tests</stat>
<stat pass="1" fail="0">All Tests</stat>
</total>
<tag>
</tag>
<suite>
<stat pass="1" fail="0" id="s1" name="Login">Login</stat>
</suite>
</statistics>
<errors>
</errors>
</robot>
